Log file open, 01/27/21 01:17:56
LogWindows: Failed to load 'aqProf.dll' (GetLastError=126)
LogWindows: File 'aqProf.dll' does not exist
LogWindows: Failed to load 'VSPerf140.dll' (GetLastError=126)
LogWindows: File 'VSPerf140.dll' does not exist
LogWindows: Failed to load 'VtuneApi.dll' (GetLastError=126)
LogWindows: File 'VtuneApi.dll' does not exist
LogWindows: Failed to load 'VtuneApi32e.dll' (GetLastError=126)
LogWindows: File 'VtuneApi32e.dll' does not exist
LogInit: Display: Running engine for game: Fundamentals
LogPlatformFile: Not using cached read wrapper
LogTaskGraph: Started task graph with 5 named threads and 26 total threads with 3 sets of task threads.
LogStats: Stats thread started at 0.320720
LogD3D11RHI: Loaded GFSDK_Aftermath_Lib.x64.dll
LogICUInternationalization: Display: ICU TimeZone Detection - Raw Offset: +0:00, Platform Override: ''
LogPluginManager: Mounting plugin Paper2D
LogPluginManager: Mounting plugin AISupport
LogPluginManager: Mounting plugin LightPropagationVolume
LogPluginManager: Mounting plugin CLionSourceCodeAccess
LogPluginManager: Mounting plugin CodeLiteSourceCodeAccess
LogPluginManager: Mounting plugin GitSourceControl
LogPluginManager: Mounting plugin KDevelopSourceCodeAccess
LogPluginManager: Mounting plugin NullSourceCodeAccess
LogPluginManager: Mounting plugin PerforceSourceControl
LogPluginManager: Mounting plugin SubversionSourceControl
LogPluginManager: Mounting plugin UObjectPlugin
LogPluginManager: Mounting plugin VisualStudioCodeSourceCodeAccess
LogPluginManager: Mounting plugin VisualStudioSourceCodeAccess
LogPluginManager: Mounting plugin XCodeSourceCodeAccess
LogPluginManager: Mounting plugin AssetManagerEditor
LogPluginManager: Mounting plugin CryptoKeys
LogPluginManager: Mounting plugin DataValidation
LogPluginManager: Mounting plugin EditorScriptingUtilities
LogPluginManager: Mounting plugin FacialAnimation
LogPluginManager: Mounting plugin GameplayTagsEditor
LogPluginManager: Mounting plugin MacGraphicsSwitching
LogPluginManager: Mounting plugin MeshEditor
LogPluginManager: Mounting plugin MobileLauncherProfileWizard
LogPluginManager: Mounting plugin PluginBrowser
LogPluginManager: Mounting plugin SpeedTreeImporter
LogPluginManager: Mounting plugin DatasmithContent
LogPluginManager: Mounting plugin AlembicImporter
LogPluginManager: Mounting plugin AppleImageUtils
LogPluginManager: Mounting plugin AppleVision
LogPluginManager: Mounting plugin BackChannel
LogPluginManager: Mounting plugin CharacterAI
LogPluginManager: Mounting plugin GeometryCache
LogPluginManager: Mounting plugin HTML5Networking
LogPluginManager: Mounting plugin ProxyLODPlugin
LogPluginManager: Mounting plugin MagicLeap
LogPluginManager: Mounting plugin MagicLeapEmulator
LogPluginManager: Mounting plugin MagicLeapMedia
LogPluginManager: Mounting plugin AndroidMedia
LogPluginManager: Mounting plugin AvfMedia
LogPluginManager: Mounting plugin ImgMedia
LogPluginManager: Mounting plugin LinearTimecode
LogPluginManager: Mounting plugin MediaCompositing
LogPluginManager: Mounting plugin MediaPlayerEditor
LogPluginManager: Mounting plugin WmfMedia
LogPluginManager: Mounting plugin TcpMessaging
LogPluginManager: Mounting plugin UdpMessaging
LogPluginManager: Mounting plugin ActorSequence
LogPluginManager: Mounting plugin LevelSequenceEditor
LogPluginManager: Mounting plugin MatineeToLevelSequence
LogPluginManager: Mounting plugin NetcodeUnitTest
LogPluginManager: Mounting plugin NUTUnrealEngine4
LogPluginManager: Mounting plugin OnlineSubsystemGooglePlay
LogPluginManager: Mounting plugin OnlineSubsystemIOS
LogPluginManager: Mounting plugin OnlineSubsystem
LogPluginManager: Mounting plugin OnlineSubsystemNull
LogPluginManager: Mounting plugin OnlineSubsystemUtils
LogPluginManager: Mounting plugin LauncherChunkInstaller
LogPluginManager: Mounting plugin AndroidDeviceProfileSelector
LogPluginManager: Mounting plugin AndroidMoviePlayer
LogPluginManager: Mounting plugin AndroidPermission
LogPluginManager: Mounting plugin AppleMoviePlayer
LogPluginManager: Mounting plugin ArchVisCharacter
LogPluginManager: Mounting plugin AudioCapture
LogPluginManager: Mounting plugin CableComponent
LogPluginManager: Mounting plugin CustomMeshComponent
LogPluginManager: Mounting plugin EditableMesh
LogPluginManager: Mounting plugin ExampleDeviceProfileSelector
LogPluginManager: Mounting plugin GoogleCloudMessaging
LogPluginManager: Mounting plugin ImmediatePhysics
LogPluginManager: Mounting plugin IOSDeviceProfileSelector
LogPluginManager: Mounting plugin LinuxDeviceProfileSelector
LogPluginManager: Mounting plugin LocationServicesBPLibrary
LogPluginManager: Mounting plugin MobilePatchingUtils
LogPluginManager: Mounting plugin OculusVR
LogPluginManager: Plugin shader directory ../../../Engine/Plugins/Runtime/Oculus/OculusVR/Shaders found
LogPluginManager: Mapping shader source directory ../../../Engine/Plugins/Runtime/Oculus/OculusVR/Shaders to virtual directory /Plugin/OculusVR
LogPluginManager: Mounting plugin PhysXVehicles
LogPluginManager: Mounting plugin ProceduralMeshComponent
LogPluginManager: Mounting plugin RuntimePhysXCooking
LogPluginManager: Mounting plugin SteamVR
LogPluginManager: Mounting plugin WindowsMoviePlayer
LogPluginManager: Mounting plugin DatasmithCADImporter
LogPluginManager: Mounting plugin DatasmithFBXImporter
LogPluginManager: Mounting plugin DatasmithImporter
LogPluginManager: Mounting plugin DatasmithMDLImporter
LogPluginManager: Mounting plugin StaticMeshEditorExtension
LogStreaming: Display: Took  0.085s to configure plugins.
LogInit: Using libcurl 7.55.1-DEV
LogInit:  - built for x86_64-pc-win32
LogInit:  - supports SSL with OpenSSL/1.0.2h
LogInit:  - supports HTTP deflate (compression) using libz 1.2.8
LogInit:  - other features:
LogInit:      CURL_VERSION_SSL
LogInit:      CURL_VERSION_LIBZ
LogInit:      CURL_VERSION_IPV6
LogInit:      CURL_VERSION_ASYNCHDNS
LogInit:      CURL_VERSION_LARGEFILE
LogInit:      CURL_VERSION_IDN
LogInit:  CurlRequestOptions (configurable via config and command line):
LogInit:  - bVerifyPeer = false  - Libcurl will NOT verify peer certificate
LogInit:  - bUseHttpProxy = false  - Libcurl will NOT use HTTP proxy
LogInit:  - bDontReuseConnections = false  - Libcurl will reuse connections
LogInit:  - CertBundlePath = nullptr  - Libcurl will use whatever was configured at build time.
LogInit:  - MaxHostConnections = 16  - Libcurl will limit the number of connections to a host
LogInit:  - LocalHostAddr = Default
LogInit:  - BufferSize = 65536
LogInit: WinSock: version 1.1 (2.2), MaxSocks=32767, MaxUdp=65467
LogInit: Build: ++UE4+Release-4.20-CL-4369336
LogInit: Engine Version: 4.20.3-4369336+++UE4+Release-4.20
LogInit: Compatible Engine Version: 4.20.0-4212847+++UE4+Release-4.20
LogInit: Net CL: 4212847
LogInit: OS: Windows 10 (), CPU: Intel(R) Core(TM) i7-9700 CPU @ 3.00GHz, GPU: NVIDIA GeForce RTX 2060
LogInit: Compiled (64-bit): Sep 17 2018 12:26:19
LogInit: Compiled with Visual C++: 19.13.26129.00
LogInit: Build Configuration: Development
LogInit: Branch Name: ++UE4+Release-4.20
LogInit: Command Line:  
LogInit: Base Directory: D:/Unreal Game Engine/UE_4.20/Engine/Binaries/Win64/
LogInit: Installed Engine Build: 1
LogDevObjectVersion: Number of dev versions registered: 20
LogDevObjectVersion:   Dev-Blueprints (B0D832E4-1F89-4F0D-ACCF-7EB736FD4AA2): 10
LogDevObjectVersion:   Dev-Build (E1C64328-A22C-4D53-A36C-8E866417BD8C): 0
LogDevObjectVersion:   Dev-Core (375EC13C-06E4-48FB-B500-84F0262A717E): 2
LogDevObjectVersion:   Dev-Editor (E4B068ED-F494-42E9-A231-DA0B2E46BB41): 24
LogDevObjectVersion:   Dev-Framework (CFFC743F-43B0-4480-9391-14DF171D2073): 34
LogDevObjectVersion:   Dev-Mobile (B02B49B5-BB20-44E9-A304-32B752E40360): 2
LogDevObjectVersion:   Dev-Networking (A4E4105C-59A1-49B5-A7C5-40C4547EDFEE): 0
LogDevObjectVersion:   Dev-Online (39C831C9-5AE6-47DC-9A44-9C173E1C8E7C): 0
LogDevObjectVersion:   Dev-Physics (78F01B33-EBEA-4F98-B9B4-84EACCB95AA2): 0
LogDevObjectVersion:   Dev-Platform (6631380F-2D4D-43E0-8009-CF276956A95A): 0
LogDevObjectVersion:   Dev-Rendering (12F88B9F-8875-4AFC-A67C-D90C383ABD29): 26
LogDevObjectVersion:   Dev-Sequencer (7B5AE74C-D270-4C10-A958-57980B212A5A): 9
LogDevObjectVersion:   Dev-VR (D7296918-1DD6-4BDD-9DE2-64A83CC13884): 2
LogDevObjectVersion:   Dev-LoadTimes (C2A15278-BFE7-4AFE-6C17-90FF531DF755): 1
LogDevObjectVersion:   Private-Geometry (6EACA3D4-40EC-4CC1-B786-8BED09428FC5): 3
LogDevObjectVersion:   Dev-AnimPhys (29E575DD-E0A3-4627-9D10-D276232CDCEA): 17
LogDevObjectVersion:   Dev-ReflectionCapture (6B266CEC-1EC7-4B8F-A30B-E4D90942FC07): 1
LogDevObjectVersion:   Dev-Automation (0DF73D61-A23F-47EA-B727-89E90C41499A): 1
LogDevObjectVersion:   FortniteMain (601D1886-AC64-4F84-AA16-D3DE0DEAC7D6): 12
LogDevObjectVersion:   Dev-Enterprise (9DFFBCD6-494F-0158-E221-12823C92A888): 1
LogStreaming: Display: Took  0.000s to delete old logs.
LogInit: Presizing for max 8388607 objects, including 0 objects not considered by GC, pre-allocating 0 bytes for permanent pool.
LogInit: Object subsystem initialized
[2021.01.27-01.17.56:525][  0]LogInit: Selected Device Profile: [Windows]
[2021.01.27-01.17.56:525][  0]LogInit: Applying CVar settings loaded from the selected device profile: [Windows]
[2021.01.27-01.17.56:531][  0]LogHAL: Display: Platform has ~ 16 GB [16972472320 / 17179869184 / 16], which maps to Larger [LargestMinGB=32, LargerMinGB=12, DefaultMinGB=8, SmallerMinGB=6, SmallestMinGB=0)
[2021.01.27-01.17.56:531][  0]LogInit: Setting Device Profile CVar: [[r.Vulkan.UseRealUBs:1]]
[2021.01.27-01.17.56:531][  0]LogInit: Going up to parent DeviceProfile []
[2021.01.27-01.17.56:532][  0]LogInit: Computer: DESKTOP-LMGFUER
[2021.01.27-01.17.56:532][  0]LogInit: User: MuhammadAlsharief
[2021.01.27-01.17.56:532][  0]LogInit: CPU Page size=4096, Cores=8
[2021.01.27-01.17.56:532][  0]LogInit: High frequency timer resolution =10.000000 MHz
[2021.01.27-01.17.56:532][  0]LogMemory: Memory total: Physical=15.8GB (16GB approx)
[2021.01.27-01.17.56:532][  0]LogMemory: Platform Memory Stats for Windows
[2021.01.27-01.17.56:532][  0]LogMemory: Process Physical Memory: 103.23 MB used, 103.24 MB peak
[2021.01.27-01.17.56:532][  0]LogMemory: Process Virtual Memory: 91.19 MB used, 91.19 MB peak
[2021.01.27-01.17.56:532][  0]LogMemory: Physical Memory: 8216.02 MB used,  7970.19 MB free, 16186.21 MB total
[2021.01.27-01.17.56:532][  0]LogMemory: Virtual Memory: 4633.07 MB used,  7970.19 MB free, 134217728.00 MB total
[2021.01.27-01.17.56:765][  0]LogInit: Using OS detected language (en-US).
[2021.01.27-01.17.56:766][  0]LogInit: Using OS detected locale (en-GB).
[2021.01.27-01.17.56:766][  0]LogTextLocalizationManager: No specific localization for 'en-US' exists, so the 'en' localization will be used.
[2021.01.27-01.17.57:030][  0]LogStreaming: Display: Took  0.264s to InitEngineTextLocalization.
[2021.01.27-01.17.57:031][  0]LogInit: Setting process to per monitor DPI aware
[2021.01.27-01.17.57:058][  0]LogSlate: New Slate User Created.  User Index 0, Is Virtual User: 0
[2021.01.27-01.17.57:058][  0]LogSlate: Slate User Registered.  User Index 0, Is Virtual User: 0
[2021.01.27-01.17.57:207][  0]LogHMD: Failed to initialize OpenVR with code 110
[2021.01.27-01.17.57:207][  0]LogD3D11RHI: D3D11 adapters:
[2021.01.27-01.17.57:281][  0]LogD3D11RHI:    0. 'NVIDIA GeForce RTX 2060' (Feature Level 11_0)
[2021.01.27-01.17.57:281][  0]LogD3D11RHI:       5980/0/8093 MB DedicatedVideo/DedicatedSystem/SharedSystem, Outputs:2, VendorId:0x10de
[2021.01.27-01.17.57:323][  0]LogD3D11RHI:    1. 'Intel(R) UHD Graphics 630' (Feature Level 11_0)
[2021.01.27-01.17.57:323][  0]LogD3D11RHI:       128/0/8093 MB DedicatedVideo/DedicatedSystem/SharedSystem, Outputs:0, VendorId:0x8086
[2021.01.27-01.17.57:327][  0]LogD3D11RHI:    2. 'Microsoft Basic Render Driver' (Feature Level 11_0)
[2021.01.27-01.17.57:327][  0]LogD3D11RHI:       0/0/8093 MB DedicatedVideo/DedicatedSystem/SharedSystem, Outputs:0, VendorId:0x1414
[2021.01.27-01.17.57:327][  0]LogD3D11RHI: Chosen D3D11 Adapter: 0
[2021.01.27-01.17.57:333][  0]LogD3D11RHI: Creating new Direct3DDevice
[2021.01.27-01.17.57:333][  0]LogD3D11RHI:     GPU DeviceId: 0x1f11 (for the marketing name, search the web for "GPU Device Id")
[2021.01.27-01.17.57:333][  0]LogWindows: EnumDisplayDevices:
[2021.01.27-01.17.57:333][  0]LogWindows:    0. 'NVIDIA GeForce RTX 2060' (P:1 D:1)
[2021.01.27-01.17.57:333][  0]LogWindows:    1. 'NVIDIA GeForce RTX 2060' (P:0 D:1)
[2021.01.27-01.17.57:333][  0]LogWindows:    2. 'NVIDIA GeForce RTX 2060' (P:0 D:0)
[2021.01.27-01.17.57:334][  0]LogWindows:    3. 'NVIDIA GeForce RTX 2060' (P:0 D:0)
[2021.01.27-01.17.57:334][  0]LogWindows:    4. 'Intel(R) UHD Graphics 630' (P:0 D:0)
[2021.01.27-01.17.57:334][  0]LogWindows:    5. 'Intel(R) UHD Graphics 630' (P:0 D:0)
[2021.01.27-01.17.57:334][  0]LogWindows:    6. 'Intel(R) UHD Graphics 630' (P:0 D:0)
[2021.01.27-01.17.57:334][  0]LogWindows: DebugString: PrimaryIsNotTheChoosenAdapter PrimaryIsNotTheChoosenAdapter PrimaryIsNotTheChoosenAdapter FoundDriverCount:4 
[2021.01.27-01.17.57:334][  0]LogD3D11RHI:     Adapter Name: NVIDIA GeForce RTX 2060
[2021.01.27-01.17.57:334][  0]LogD3D11RHI:   Driver Version: 457.51 (internal:27.21.14.5751, unified:457.51)
[2021.01.27-01.17.57:334][  0]LogD3D11RHI:      Driver Date: 11-22-2020
[2021.01.27-01.17.57:334][  0]LogRHI: Texture pool is 4186 MB (70% of 5980 MB)
[2021.01.27-01.17.57:376][  0]LogD3D11RHI: Async texture creation enabled
[2021.01.27-01.17.57:390][  0]LogD3D11RHI: GPU Timing Frequency: 1000.000000 (Debug: 2 1)
[2021.01.27-01.17.57:392][  0]LogShaderCompilers: Guid format shader working directory is -17 characters bigger than the processId version (../../../../../MyTrainings/UnrealGamePlayMechanics/Fundamentals/Intermediate/Shaders/WorkingDirectory/3716/).
[2021.01.27-01.17.57:393][  0]LogShaderCompilers: Cleaned the shader compiler working directory 'C:/Users/moham/AppData/Local/Temp/UnrealShaderWorkingDir/C334F9D246A87772893BB183B562F908/'.
[2021.01.27-01.17.57:602][  0]LogTemp: Display: Loaded TP AllDesktopTargetPlatform
[2021.01.27-01.17.57:611][  0]LogTemp: Display: Loaded TP MacClientTargetPlatform
[2021.01.27-01.17.57:621][  0]LogTemp: Display: Loaded TP MacNoEditorTargetPlatform
[2021.01.27-01.17.57:630][  0]LogTemp: Display: Loaded TP MacServerTargetPlatform
[2021.01.27-01.17.57:640][  0]LogTemp: Display: Loaded TP MacTargetPlatform
[2021.01.27-01.17.57:649][  0]LogTemp: Display: Loaded TP WindowsClientTargetPlatform
[2021.01.27-01.17.57:659][  0]LogTemp: Display: Loaded TP WindowsNoEditorTargetPlatform
[2021.01.27-01.17.57:668][  0]LogTemp: Display: Loaded TP WindowsServerTargetPlatform
[2021.01.27-01.17.57:673][  0]LogTemp: Display: Loaded TP WindowsTargetPlatform
[2021.01.27-01.17.57:729][  0]LogTemp: Display: Loaded TP AndroidTargetPlatform
[2021.01.27-01.17.57:729][  0]LogTemp: Display: Loaded TP AndroidTargetPlatform
[2021.01.27-01.17.57:729][  0]LogTemp: Display: Loaded TP AndroidTargetPlatform
[2021.01.27-01.17.57:729][  0]LogTemp: Display: Loaded TP AndroidTargetPlatform
[2021.01.27-01.17.57:729][  0]LogTemp: Display: Loaded TP AndroidTargetPlatform
[2021.01.27-01.17.57:729][  0]LogTemp: Display: Loaded TP AndroidTargetPlatform
[2021.01.27-01.17.57:729][  0]LogTemp: Display: Loaded TP AndroidTargetPlatform
[2021.01.27-01.17.57:729][  0]LogTemp: Display: Loaded TP AndroidTargetPlatform
[2021.01.27-01.17.57:729][  0]LogTemp: Display: Loaded TP AndroidTargetPlatform
[2021.01.27-01.17.57:729][  0]LogTemp: Display: Loaded TP AndroidTargetPlatform
[2021.01.27-01.17.57:729][  0]LogTemp: Display: Loaded TP AndroidTargetPlatform
[2021.01.27-01.17.57:729][  0]LogTemp: Display: Loaded TP AndroidTargetPlatform
[2021.01.27-01.17.57:729][  0]LogTemp: Display: Loaded TP AndroidTargetPlatform
[2021.01.27-01.17.57:729][  0]LogTemp: Display: Loaded TP AndroidTargetPlatform
[2021.01.27-01.17.57:729][  0]LogTemp: Display: Loaded TP AndroidTargetPlatform
[2021.01.27-01.17.57:729][  0]LogTemp: Display: Loaded TP AndroidTargetPlatform
[2021.01.27-01.17.57:729][  0]LogTemp: Display: Loaded TP AndroidTargetPlatform
[2021.01.27-01.17.57:729][  0]LogTemp: Display: Loaded TP AndroidTargetPlatform
[2021.01.27-01.17.57:730][  0]LogTemp: Display: Loaded TP HTML5TargetPlatform
[2021.01.27-01.17.57:793][  0]LogTemp: Display: Loaded TP IOSTargetPlatform
[2021.01.27-01.17.57:793][  0]LogTemp: Display: Loaded TP IOSTargetPlatform
[2021.01.27-01.17.57:814][  0]LogTemp: Display: Loaded TP TVOSTargetPlatform
[2021.01.27-01.17.57:814][  0]LogTemp: Display: Loaded TP TVOSTargetPlatform
[2021.01.27-01.17.57:823][  0]LogTemp: Display: Loaded TP LinuxClientTargetPlatform
[2021.01.27-01.17.57:832][  0]LogTemp: Display: Loaded TP LinuxNoEditorTargetPlatform
[2021.01.27-01.17.57:840][  0]LogTemp: Display: Loaded TP LinuxServerTargetPlatform
[2021.01.27-01.17.57:850][  0]LogTemp: Display: Loaded TP LinuxTargetPlatform
[2021.01.27-01.17.57:856][  0]LogTemp: Display: Loaded TP LuminTargetPlatform
[2021.01.27-01.17.57:856][  0]LogTargetPlatformManager: Display: Building Assets For Windows
[2021.01.27-01.17.57:893][  0]LogXGEController: Cleaning working directory: C:/Users/moham/AppData/Local/Temp/UnrealXGEWorkingDir/
[2021.01.27-01.17.57:893][  0]LogXGEController: Cannot use XGE Controller as Incredibuild is not installed on this machine.
[2021.01.27-01.17.57:893][  0]LogShaderCompilers: Cannot use XGE Shader Compiler as Incredibuild is not installed on this machine.
[2021.01.27-01.17.57:893][  0]LogShaderCompilers: Display: Using Local Shader Compiler.
[2021.01.27-01.17.58:459][  0]LogDerivedDataCache: Display: Max Cache Size: 512 MB
[2021.01.27-01.17.58:502][  0]LogDerivedDataCache: Loaded boot cache 0.04s 72MB C:/Users/moham/AppData/Local/UnrealEngine/4.20/DerivedDataCache/Boot.ddc.
[2021.01.27-01.17.58:503][  0]LogDerivedDataCache: Display: Loaded Boot cache: C:/Users/moham/AppData/Local/UnrealEngine/4.20/DerivedDataCache/Boot.ddc
[2021.01.27-01.17.58:503][  0]LogDerivedDataCache: FDerivedDataBackendGraph:  Pak pak cache file ../../../../../MyTrainings/UnrealGamePlayMechanics/Fundamentals/DerivedDataCache/DDC.ddp not found, will not use a pak cache.
[2021.01.27-01.17.58:503][  0]LogDerivedDataCache: Unable to find inner node Pak for hierarchical cache Hierarchy.
[2021.01.27-01.17.58:503][  0]LogDerivedDataCache: FDerivedDataBackendGraph:  CompressedPak pak cache file ../../../../../MyTrainings/UnrealGamePlayMechanics/Fundamentals/DerivedDataCache/Compressed.ddp not found, will not use a pak cache.
[2021.01.27-01.17.58:503][  0]LogDerivedDataCache: Unable to find inner node CompressedPak for hierarchical cache Hierarchy.
[2021.01.27-01.17.58:514][  0]LogDerivedDataCache: Display: Pak cache opened for reading ../../../Engine/DerivedDataCache/Compressed.ddp.
[2021.01.27-01.17.58:526][  0]LogDerivedDataCache: Using Local data cache path C:/Users/moham/AppData/Local/UnrealEngine/Common/DerivedDataCache: Writable
[2021.01.27-01.17.58:526][  0]LogDerivedDataCache: Shared data cache path not found in *engine.ini, will not use an Shared cache.
[2021.01.27-01.17.58:526][  0]LogDerivedDataCache: Unable to find inner node Shared for hierarchical cache Hierarchy.
[2021.01.27-01.17.58:539][  0]LogMaterial: Verifying Global Shaders for PCD3D_SM5
[2021.01.27-01.17.58:540][  0]LogSlate: Using FreeType 2.6.0
[2021.01.27-01.17.58:542][  0]LogSlate: SlateFontServices - WITH_FREETYPE: 1, WITH_HARFBUZZ: 1
[2021.01.27-01.17.58:602][  0]LogAssetRegistry: FAssetRegistry took 0.0248 seconds to start up
[2021.01.27-01.17.58:828][  0]LogInit: Selected Device Profile: [Windows]
[2021.01.27-01.17.58:929][  0]LogSimplygon: Simplygon DLL not present - disabling.
[2021.01.27-01.17.58:932][  0]LogMeshReduction: Using SimplygonSwarm for distributed automatic mesh merging
[2021.01.27-01.17.58:932][  0]LogMeshReduction: Using ProxyLODMeshReduction for automatic mesh merging
[2021.01.27-01.17.58:932][  0]LogMeshReduction: Using QuadricMeshReduction for automatic static mesh reduction
[2021.01.27-01.17.58:932][  0]LogMeshReduction: No automatic skeletal mesh reduction module available
[2021.01.27-01.17.58:947][  0]LogNetVersion: Fundamentals 1.0.0, NetCL: 4212847, EngineNetVer: 5, GameNetVer: 0 (Checksum: 1656478192)
[2021.01.27-01.17.59:321][  0]LogPackageLocalizationCache: Processed 13 localized package path(s) for 2 prioritized culture(s) in 0.074808 seconds
[2021.01.27-01.17.59:325][  0]LogUObjectArray: 38425 objects as part of root set at end of initial load.
[2021.01.27-01.17.59:325][  0]LogUObjectAllocator: 6690872 out of 0 bytes used by permanent object pool.
[2021.01.27-01.17.59:325][  0]LogUObjectArray: CloseDisregardForGC: 0/0 objects in disregard for GC pool
[2021.01.27-01.17.59:975][  0]LogTcpMessaging: Initializing TcpMessaging bridge
[2021.01.27-01.17.59:990][  0]LogUdpMessaging: Initializing bridge on interface 0.0.0.0:0 to multicast group 230.0.0.1:6666.
[2021.01.27-01.18.00:119][  0]SourceControl: Source control is disabled
[2021.01.27-01.18.00:654][  0]LogAndroidPermission: UAndroidPermissionCallbackProxy::GetInstance
[2021.01.27-01.18.00:941][  0]LogOcInput: OculusInput pre-init called
[2021.01.27-01.18.02:462][  0]LogEngine: Initializing Engine...
[2021.01.27-01.18.02:463][  0]LogHMD: Failed to initialize OpenVR with code 110
[2021.01.27-01.18.02:464][  0]LogStats: UGameplayTagsManager::ConstructGameplayTagTree: ImportINI prefixes -  0.000 s
[2021.01.27-01.18.02:464][  0]LogStats: UGameplayTagsManager::ConstructGameplayTagTree: Construct from data asset -  0.000 s
[2021.01.27-01.18.02:464][  0]LogStats: UGameplayTagsManager::ConstructGameplayTagTree: ImportINI -  0.000 s
[2021.01.27-01.18.02:464][  0]LogStats: UGameplayTagsManager::ConstructGameplayTagTree: GameplayTagTreeChangedEvent.Broadcast -  0.000 s
[2021.01.27-01.18.02:621][  0]LogInit: Initializing FReadOnlyCVARCache
[2021.01.27-01.18.02:630][  0]LogAIModule: Creating AISystem for world Untitled
[2021.01.27-01.18.02:653][  0]LogInit: XAudio2 using 'Headphones (JBL TUNE700BT Stereo)' : 2 channels at 44.1 kHz using 16 bits per sample (channel mask 0x3)
[2021.01.27-01.18.02:666][  0]LogInit: FAudioDevice initialized.
[2021.01.27-01.18.02:666][  0]LogNetVersion: Set ProjectVersion to 1.0.0.0. Version Checksum will be recalculated on next use.
[2021.01.27-01.18.02:751][  0]LogDerivedDataCache: Saved boot cache 0.09s 72MB C:/Users/moham/AppData/Local/UnrealEngine/4.20/DerivedDataCache/Boot.ddc.
[2021.01.27-01.18.02:751][  0]LogInit: Texture streaming: Enabled
[2021.01.27-01.18.02:768][  0]LogEngineSessionManager: EngineSessionManager initialized
[2021.01.27-01.18.02:778][  0]LogInit: Transaction tracking system initialized
[2021.01.27-01.18.02:795][  0]BlueprintLog: New page: Editor Load
[2021.01.27-01.18.02:843][  0]LocalizationService: Localization service is disabled
[2021.01.27-01.18.03:040][  0]LogCook: Display: Max memory allowance for cook 16384mb min free memory 0mb
[2021.01.27-01.18.03:040][  0]LogCook: Display: Mobile HDR setting 1
[2021.01.27-01.18.03:040][  0]LogGameplayTags: Display: UGameplayTagsManager::DoneAddingNativeTags. DelegateIsBound: 0
[2021.01.27-01.18.03:040][  0]LogStats: UGameplayTagsManager::ConstructGameplayTagTree: ImportINI prefixes -  0.000 s
[2021.01.27-01.18.03:040][  0]LogStats: UGameplayTagsManager::ConstructGameplayTagTree: Construct from data asset -  0.000 s
[2021.01.27-01.18.03:040][  0]LogStats: UGameplayTagsManager::ConstructGameplayTagTree: ImportINI -  0.000 s
[2021.01.27-01.18.03:040][  0]LogStats: UGameplayTagsManager::ConstructGameplayTagTree: GameplayTagTreeChangedEvent.Broadcast -  0.000 s
[2021.01.27-01.18.03:120][  0]LogFileCache: Scanning file cache for directory 'D:/MyTrainings/UnrealGamePlayMechanics/Fundamentals/Content/' took 0.01s
[2021.01.27-01.18.04:014][  0]Cmd: MAP LOAD FILE="../../../../../MyTrainings/UnrealGamePlayMechanics/Fundamentals/Content/FirstPersonBP/Maps/FirstPersonExampleMap.umap" TEMPLATE=0 SHOWPROGRESS=1 FEATURELEVEL=3
[2021.01.27-01.18.04:015][  0]LightingResults: New page: Lighting Build
[2021.01.27-01.18.04:017][  0]MapCheck: New page: Map Check
[2021.01.27-01.18.04:017][  0]LightingResults: New page: Lighting Build
[2021.01.27-01.18.04:381][  0]LogAIModule: Creating AISystem for world FirstPersonExampleMap
[2021.01.27-01.18.04:394][  0]LogEditorServer: Finished looking for orphan Actors (0.000 secs)
[2021.01.27-01.18.04:416][  0]Cmd: MAP CHECKDEP NOCLEARLOG
[2021.01.27-01.18.04:463][  0]MapCheck: Map check complete: 0 Error(s), 0 Warning(s), took 46.795ms to complete.
[2021.01.27-01.18.04:463][  0]LogFileHelpers: Loading map 'FirstPersonExampleMap' took 0.449
[2021.01.27-01.18.04:559][  0]LogSlate: Updating window title bar state: overlay mode, drag disabled, window buttons hidden, title bar hidden
[2021.01.27-01.18.04:565][  0]LogSlate: Updating window title bar state: overlay mode, drag disabled, window buttons hidden, title bar hidden
[2021.01.27-01.18.04:571][  0]LogSlate: Updating window title bar state: overlay mode, drag disabled, window buttons hidden, title bar hidden
[2021.01.27-01.18.04:578][  0]LogSlate: Updating window title bar state: overlay mode, drag disabled, window buttons hidden, title bar hidden
[2021.01.27-01.18.04:583][  0]LogCollectionManager: Loaded 0 collections in 0.000655 seconds
[2021.01.27-01.18.04:624][  0]LogFileCache: Scanning file cache for directory 'D:/MyTrainings/UnrealGamePlayMechanics/Fundamentals/Saved/Collections/' took 0.01s
[2021.01.27-01.18.04:624][  0]LogFileCache: Scanning file cache for directory 'D:/MyTrainings/UnrealGamePlayMechanics/Fundamentals/Content/Developers/MuhammadAlsharief/Collections/' took 0.01s
[2021.01.27-01.18.04:624][  0]LogFileCache: Scanning file cache for directory 'D:/MyTrainings/UnrealGamePlayMechanics/Fundamentals/Content/Collections/' took 0.01s
[2021.01.27-01.18.04:624][  0]LogCollectionManager: Rebuilt the GUID cache for 0 collections in 0.000000 seconds
[2021.01.27-01.18.04:632][  0]LogContentBrowser: Native class hierarchy populated in 0.0077 seconds. Added 2621 classes and 629 folders.
[2021.01.27-01.18.04:636][  0]LogContentBrowser: Native class hierarchy updated for 'WidgetCarousel' in 0.0002 seconds. Added 0 classes and 0 folders.
[2021.01.27-01.18.04:670][  0]LogContentBrowser: Native class hierarchy updated for 'AddContentDialog' in 0.0002 seconds. Added 0 classes and 0 folders.
[2021.01.27-01.18.04:674][  0]LogContentBrowser: Native class hierarchy updated for 'SceneOutliner' in 0.0002 seconds. Added 1 classes and 2 folders.
[2021.01.27-01.18.04:688][  0]LogSlate: Took 0.000148 seconds to synchronously load lazily loaded font '../../../Engine/Content/Slate/Fonts/Roboto-Regular.ttf' (155K)
[2021.01.27-01.18.04:690][  0]LogSlate: Took 0.000169 seconds to synchronously load lazily loaded font '../../../Engine/Content/Slate/Fonts/Roboto-Bold.ttf' (160K)
[2021.01.27-01.18.04:694][  0]LogSlate: Took 0.000203 seconds to synchronously load lazily loaded font '../../../Engine/Content/Editor/Slate/Fonts/FontAwesome.ttf' (139K)
[2021.01.27-01.18.04:757][  0]LogRenderer: Reallocating scene render targets to support 1208x576 Format 10 NumSamples 1 (Frame:1).
[2021.01.27-01.18.04:858][  0]LogContentBrowser: Native class hierarchy updated for 'HierarchicalLODOutliner' in 0.0002 seconds. Added 0 classes and 0 folders.
[2021.01.27-01.18.04:858][  0]LogLoad: (Engine Initialization) Total time: 9.60 seconds
[2021.01.27-01.18.04:858][  0]LogLoad: (Engine Initialization) Total Blueprint compile time: 0.00 seconds
[2021.01.27-01.18.04:895][  0]LogAssetRegistry: Asset discovery search completed in 6.3149 seconds
[2021.01.27-01.18.04:896][  0]LogCollectionManager: Rebuilt the object cache for 0 collections in 0.000000 seconds (found 0 objects)
[2021.01.27-01.18.04:896][  0]LogCollectionManager: Fixed up redirectors for 0 collections in 0.000043 seconds (updated 0 objects)
[2021.01.27-01.18.04:898][  0]LogContentStreaming: Texture pool size now 1000 MB
[2021.01.27-01.18.04:919][  0]LogSlate: Took 0.000217 seconds to synchronously load lazily loaded font '../../../Engine/Content/Slate/Fonts/Roboto-Light.ttf' (167K)
[2021.01.27-01.18.07:233][139]LogSlate: FSceneViewport::OnFocusLost() reason 0
[2021.01.27-01.28.16:935][594]LogSlate: FSceneViewport::OnFocusLost() reason 0
[2021.01.27-01.29.48:432][472]LogEditorViewport: Clicking on Actor (LMB): TextRenderActor (TemplateLabel)
[2021.01.27-01.29.49:675][534]Cmd: DELETE
[2021.01.27-01.29.49:675][534]Cmd: ACTOR DELETE
[2021.01.27-01.29.49:682][534]LogEditorActor: Deleted Actor: TextRenderActor
[2021.01.27-01.29.49:710][534]LogEditorActor: Deleted 1 Actors (0.032 secs)
[2021.01.27-01.30.00:275][111]LogEditorViewport: Clicking on Actor (LMB): StaticMeshActor (EditorCube11)
[2021.01.27-01.30.00:759][136]LogSlate: Took 0.002482 seconds to synchronously load lazily loaded font '../../../Engine/Content/Slate/Fonts/Roboto-Italic.ttf' (157K)
[2021.01.27-01.30.01:591][186]LogSlate: FSceneViewport::OnFocusLost() reason 0
[2021.01.27-01.30.04:161][340]LogSlate: FSceneViewport::OnFocusLost() reason 0
[2021.01.27-01.30.15:709][820]LogActorFactory: Actor Factory created 1M_Cube
[2021.01.27-01.30.18:256][972]LogActorFactory: Actor Factory created 1M_Cube
[2021.01.27-01.30.19:574][ 50]LogSlate: FSceneViewport::OnFocusLost() reason 0
[2021.01.27-01.30.27:317][514]LogSlate: FSceneViewport::OnFocusLost() reason 0
[2021.01.27-01.30.30:666][714]LogSlate: FSceneViewport::OnFocusLost() reason 0
[2021.01.27-01.30.39:853][264]LogSlate: FSceneViewport::OnFocusLost() reason 0
[2021.01.27-01.30.53:653][ 90]LogEditorViewport: Clicking on Actor (LMB): FirstPersonCharacter_C (FirstPersonCharacter)
[2021.01.27-01.31.00:642][503]LogSlate: FSceneViewport::OnFocusLost() reason 0
[2021.01.27-01.31.04:115][711]LogSlate: FSceneViewport::OnFocusLost() reason 0
[2021.01.27-01.31.18:665][582]LogSlate: FSceneViewport::OnFocusLost() reason 2
[2021.01.27-01.31.19:558][636]MapCheck: New page: Map Check
[2021.01.27-01.31.19:574][636]LogSlate: FSceneViewport::OnFocusLost() reason 2
[2021.01.27-01.31.19:579][636]LightingResults: New page: Lighting Build - 27 Jan 2021 01:31:19
[2021.01.27-01.31.19:614][636]LogSwarmInterface: [OpenConnection] Registering TCP channel ...
[2021.01.27-01.31.19:661][636]LogSwarmInterface: [OpenConnection] Connecting to agent ...
[2021.01.27-01.31.19:671][636]LogSwarmInterface: [TryOpenConnection] Testing the Agent
[2021.01.27-01.31.20:181][636]LogSwarmInterface: [TryOpenConnection] Opening Connection to Agent
[2021.01.27-01.31.20:181][636]LogSwarmInterface: [TryOpenConnection] Local Process ID is 3716
[2021.01.27-01.31.26:697][636]LogStaticLightingSystem: Running Lightmass w/ ImmediateImport mode ENABLED
[2021.01.27-01.31.26:697][636]LogStaticLightingSystem: Running Lightmass w/ ImmediateProcess mode ENABLED
[2021.01.27-01.31.26:697][636]LogStaticLightingSystem: Running Lightmass w/ Sorting mode ENABLED
[2021.01.27-01.31.26:697][636]LogStaticLightingSystem: Running Lightmass w/ Mapping paddings ENABLED
[2021.01.27-01.31.26:697][636]LogStaticLightingSystem: Running Lightmass w/ Mapping debug paddings DISABLED
[2021.01.27-01.31.26:846][636]LogEditorBuildUtils: Build time 0:07
[2021.01.27-01.31.31:309][780]LogEditorViewport: Clicking on Actor (LMB): StaticMeshActor (1M_Cube)
[2021.01.27-01.31.34:960][986]LogSlate: FSceneViewport::OnFocusLost() reason 2
[2021.01.27-01.31.34:974][986]LogSlate: Took 0.000170 seconds to synchronously load lazily loaded font '../../../Engine/Content/Slate/Fonts/Roboto-Light.ttf' (167K)
[2021.01.27-01.31.48:617][752]Job is a success!
[2021.01.27-01.31.48:674][754]LogSlate: FSceneViewport::OnFocusLost() reason 2
[2021.01.27-01.31.48:728][754]LogVolumetricLightmapImport: Imported Volumetric Lightmap in 0.012s
[2021.01.27-01.31.48:728][754]LogVolumetricLightmapImport:      Indirection Texture 16x16x16 = 0.0Mb
[2021.01.27-01.31.48:728][754]LogVolumetricLightmapImport:      BrickData 335x5x5 = 0.3Mb (trimmed 0.0Mb due to 0.010000 MinBrickError)
[2021.01.27-01.31.48:728][754]LogVolumetricLightmapImport:      Bricks at Level
[2021.01.27-01.31.48:728][754]LogVolumetricLightmapImport:          0: 1.5% covering 100.0% of volume
[2021.01.27-01.31.48:728][754]LogVolumetricLightmapImport:          1: 6.0% covering 6.3% of volume
[2021.01.27-01.31.48:728][754]LogVolumetricLightmapImport:          2: 92.5% covering 1.5% of volume
[2021.01.27-01.31.50:364][754]LogTexture: Display: Building textures: SkyOcclusion1_1 (AutoDXT, 2048X1024)
[2021.01.27-01.31.50:364][754]LogTexture: Display: Building textures: HQ_Lightmap1_1 (AutoDXT, 2048X2048)
[2021.01.27-01.31.50:364][754]LogTexture: Display: Building textures: LQ_Lightmap_1_1 (DXT1, 2048X2048)
[2021.01.27-01.31.50:364][754]LogTexture: Display: Building textures: SkyOcclusion1_2 (AutoDXT, 2048X1024)
[2021.01.27-01.31.50:364][754]LogTexture: Display: Building textures: HQ_Lightmap1_2 (AutoDXT, 2048X2048)
[2021.01.27-01.31.50:364][754]LogTexture: Display: Building textures: LQ_Lightmap_1_2 (DXT1, 2048X2048)
[2021.01.27-01.31.50:364][754]LogTexture: Display: Building textures: SkyOcclusion1_3 (AutoDXT, 2048X1024)
[2021.01.27-01.31.50:364][754]LogTexture: Display: Building textures: HQ_Lightmap1_3 (AutoDXT, 2048X2048)
[2021.01.27-01.31.50:364][754]LogTexture: Display: Building textures: LQ_Lightmap_1_3 (DXT1, 2048X2048)
[2021.01.27-01.31.50:364][754]LogTexture: Display: Building textures: SkyOcclusion1_4 (AutoDXT, 2048X1024)
[2021.01.27-01.31.50:364][754]LogTexture: Display: Building textures: HQ_Lightmap1_4 (AutoDXT, 2048X2048)
[2021.01.27-01.31.50:364][754]LogTexture: Display: Building textures: LQ_Lightmap_1_4 (DXT1, 2048X2048)
[2021.01.27-01.31.50:364][754]LogTexture: Display: Building textures: SkyOcclusion1_5 (AutoDXT, 64X32)
[2021.01.27-01.31.50:364][754]LogTexture: Display: Building textures: HQ_Lightmap1_5 (AutoDXT, 64X64)
[2021.01.27-01.31.50:364][754]LogTexture: Display: Building textures: LQ_Lightmap_1_5 (DXT1, 64X64)
[2021.01.27-01.31.50:568][754]LogTexture: Display: Building textures: ShadowMapTexture2D_8 (G8, 1024X1024)
[2021.01.27-01.31.50:568][754]LogTexture: Display: Building textures: ShadowMapTexture2D_16 (G8, 32X32)
[2021.01.27-01.31.50:568][754]LogTexture: Display: Building textures: ShadowMapTexture2D_15 (G8, 64X64)
[2021.01.27-01.31.50:568][754]LogTexture: Display: Building textures: ShadowMapTexture2D_11 (G8, 1024X1024)
[2021.01.27-01.31.50:568][754]LogTexture: Display: Building textures: ShadowMapTexture2D_13 (G8, 1024X1024)
[2021.01.27-01.31.50:568][754]LogTexture: Display: Building textures: ShadowMapTexture2D_12 (G8, 1024X1024)
[2021.01.27-01.31.50:568][754]LogTexture: Display: Building textures: ShadowMapTexture2D_10 (G8, 1024X1024)
[2021.01.27-01.31.50:568][754]LogTexture: Display: Building textures: ShadowMapTexture2D_9 (G8, 1024X1024)
[2021.01.27-01.31.50:568][754]LogTexture: Display: Building textures: ShadowMapTexture2D_14 (G8, 1024X1024)
[2021.01.27-01.31.50:597][754]Lightmass on DESKTOP-LMGFUER: 22.7 sec total, 75 ms importing, 27 ms setup, 3.67 sec photons, 18.8 sec processing, 0 ms extra exporting [9/9 mappings]. Threads: 2:12 min total, 1:20 min processing.
[2021.01.27-01.31.50:629][754]LogStaticLightingSystem: Illumination: 31.0 sec (1.42 sec encoding lightmaps, 199 ms encoding shadowmaps)
[2021.01.27-01.31.50:629][754]LogStaticLightingSystem: Lightmap texture memory:  42.7 MB (42.7 MB streaming, 0.0 MB non-streaming), 10 textures
[2021.01.27-01.31.50:629][754]LogStaticLightingSystem: Shadowmap texture memory: 9.3 MB (9.3 MB streaming, 0.0 MB non-streaming), 9 textures
[2021.01.27-01.31.50:712][754]DumpUnbuiltLightIteractions
[2021.01.27-01.31.50:712][754]Lights with unbuilt interactions: 0
[2021.01.27-01.31.50:712][754]
[2021.01.27-01.31.50:713][754]Primitives with unbuilt interactions: 0
[2021.01.27-01.31.50:741][754]LogSlate: FSceneViewport::OnFocusLost() reason 2
[2021.01.27-01.31.50:858][755]Cmd: MAP CHECK NOTIFYRESULTS
[2021.01.27-01.31.50:858][755]MapCheck: New page: FirstPersonExampleMap - 27 Jan 2021 01:31:50
[2021.01.27-01.31.50:920][755]MapCheck: Map check complete: 0 Error(s), 0 Warning(s), took 61.861ms to complete.
[2021.01.27-01.31.55:180][ 10]LogEditorViewport: Clicking on Actor (LMB): StaticMeshActor (1M_Cube)
[2021.01.27-01.31.57:180][129]LogSlate: FSceneViewport::OnFocusLost() reason 2
[2021.01.27-01.32.21:891][602]LogSlate: FSceneViewport::OnFocusLost() reason 0
[2021.01.27-01.32.28:563][  2]LogSlate: FSceneViewport::OnFocusLost() reason 0
[2021.01.27-01.32.31:719][191]LogSlate: FSceneViewport::OnFocusLost() reason 0
[2021.01.27-01.32.40:705][729]LogSlate: FSceneViewport::OnFocusLost() reason 0
[2021.01.27-01.32.49:099][232]LogEditorViewport: Clicking on Actor (LMB): StaticMeshActor (1M_Cube)
[2021.01.27-01.32.51:418][369]LogSlate: FSceneViewport::OnFocusLost() reason 2
[2021.01.27-01.32.56:077][649]LogEditorViewport: Clicking on Actor (LMB): StaticMeshActor (1M_Cube)
[2021.01.27-01.32.56:833][694]LogEditorViewport: Clicking on Actor (LMB): StaticMeshActor (1M_Cube)
[2021.01.27-01.32.57:357][725]LogEditorViewport: Clicking on Actor (LMB): StaticMeshActor (1M_Cube)
[2021.01.27-01.32.57:793][751]LogEditorViewport: Clicking on Actor (LMB): StaticMeshActor (1M_Cube)
[2021.01.27-01.32.57:976][761]LogEditorViewport: Clicking on Component (LMB): StaticMeshComponent (StaticMeshComponent0)
[2021.01.27-01.32.58:841][812]LogEditorViewport: Clicking on Component (LMB): StaticMeshComponent (StaticMeshComponent0)
[2021.01.27-01.32.59:378][844]LogEditorViewport: Clicking on Component (LMB): StaticMeshComponent (StaticMeshComponent0)
[2021.01.27-01.32.59:997][881]LogEditorViewport: Clicking on Actor (LMB): StaticMeshActor (Floor)
[2021.01.27-01.33.01:095][945]LogEditorViewport: Clicking on Actor (LMB): StaticMeshActor (1M_Cube)
[2021.01.27-01.33.02:944][ 54]LogEditorViewport: Clicking on Actor (LMB): StaticMeshActor (1M_Cube)
[2021.01.27-01.33.05:666][217]LogEditorViewport: Clicking on Actor (LMB): StaticMeshActor (1M_Cube)
[2021.01.27-01.33.06:670][277]LogEditorViewport: Clicking on Actor (LMB): StaticMeshActor (BigWall)
[2021.01.27-01.33.08:199][367]LogEditorViewport: Clicking on Actor (LMB): StaticMeshActor (BigWall)
[2021.01.27-01.33.08:687][396]LogEditorViewport: Clicking on Actor (LMB): StaticMeshActor (BigWall)
[2021.01.27-01.33.08:908][409]LogEditorViewport: Clicking on Component (LMB): StaticMeshComponent (StaticMeshComponent0)
[2021.01.27-01.33.10:557][507]LogSlate: FSceneViewport::OnFocusLost() reason 0
[2021.01.27-01.33.26:632][469]LogEditorViewport: Clicking on Actor (LMB): StaticMeshActor (Floor)
[2021.01.27-01.33.28:712][592]LogSlate: FSceneViewport::OnFocusLost() reason 0
[2021.01.27-01.33.38:304][167]LogEditorViewport: Clicking on Actor (LMB): StaticMeshActor (1M_Cube)
[2021.01.27-01.33.44:252][522]LogSlate: FSceneViewport::OnFocusLost() reason 0
[2021.01.27-01.33.55:864][212]LogEditorViewport: Clicking on Actor (LMB): StaticMeshActor (Floor)
[2021.01.27-01.34.00:276][475]LogEditorViewport: Clicking on Actor (LMB): StaticMeshActor (1M_Cube)
[2021.01.27-01.34.02:556][610]LogSlate: FSceneViewport::OnFocusLost() reason 0
[2021.01.27-01.34.08:655][975]LogEditorViewport: Clicking on Actor (LMB): StaticMeshActor (1M_Cube)
[2021.01.27-01.34.10:027][ 57]LogSlate: FSceneViewport::OnFocusLost() reason 0
[2021.01.27-01.34.16:387][438]LogEditorViewport: Clicking on Actor (LMB): StaticMeshActor (1M_Cube)
[2021.01.27-01.34.22:599][809]LogSlate: FSceneViewport::OnFocusLost() reason 0
[2021.01.27-01.34.36:427][638]LogSlate: FSceneViewport::OnFocusLost() reason 0
[2021.01.27-01.34.40:053][855]LogEditorViewport: Clicking on Actor (LMB): StaticMeshActor (1M_Cube)
[2021.01.27-01.34.44:204][102]LogSlate: FSceneViewport::OnFocusLost() reason 0
[2021.01.27-01.35.15:034][950]LogSlate: FSceneViewport::OnFocusLost() reason 0
[2021.01.27-01.35.15:364][958]LogSavePackage: Moving '../../../../../MyTrainings/UnrealGamePlayMechanics/Fundamentals/Saved/FirstPersonExampleMapC7CA310649A6B2FE9366B6A39527F88D.tmp' to '../../../../../MyTrainings/UnrealGamePlayMechanics/Fundamentals/Content/FirstPersonBP/Maps/FirstPersonExampleMap.umap'
[2021.01.27-01.35.15:754][958]LogSavePackage: Moving '../../../../../MyTrainings/UnrealGamePlayMechanics/Fundamentals/Saved/FirstPersonExampleMap_BuiltData5C94437548ADEB781BD289A75086747E.tmp' to '../../../../../MyTrainings/UnrealGamePlayMechanics/Fundamentals/Content/FirstPersonBP/Maps/FirstPersonExampleMap_BuiltData.uasset'
[2021.01.27-01.35.26:525][604]LogSlate: FSceneViewport::OnFocusLost() reason 0
[2021.01.27-01.35.26:862][614]LogSavePackage: Moving '../../../../../MyTrainings/UnrealGamePlayMechanics/Fundamentals/Saved/FirstPersonExampleMap24951B7E4BCBE1B31FB150AEF282995E.tmp' to '../../../../../MyTrainings/UnrealGamePlayMechanics/Fundamentals/Content/FirstPersonBP/Maps/FirstPersonExampleMap.umap'
[2021.01.27-01.35.27:236][614]LogSavePackage: Moving '../../../../../MyTrainings/UnrealGamePlayMechanics/Fundamentals/Saved/FirstPersonExampleMap_BuiltDataCFAB9D40419E1A20B8F716A36E06527F.tmp' to '../../../../../MyTrainings/UnrealGamePlayMechanics/Fundamentals/Content/FirstPersonBP/Maps/FirstPersonExampleMap_BuiltData.uasset'
[2021.01.27-01.35.47:351][821]LogSlate: FSceneViewport::OnFocusLost() reason 0
[2021.01.27-01.35.54:658][259]LogSlate: FSceneViewport::OnFocusLost() reason 0
[2021.01.27-01.36.04:147][828]LogSlate: FSceneViewport::OnFocusLost() reason 0
[2021.01.27-01.36.12:552][332]LogSlate: FSceneViewport::OnFocusLost() reason 0
[2021.01.27-01.36.12:791][336]LogSavePackage: Moving '../../../../../MyTrainings/UnrealGamePlayMechanics/Fundamentals/Saved/FirstPersonExampleMap05AF109A4A5318FBE8D117856D61C96F.tmp' to '../../../../../MyTrainings/UnrealGamePlayMechanics/Fundamentals/Content/FirstPersonBP/Maps/FirstPersonExampleMap.umap'
[2021.01.27-01.36.13:164][336]LogSavePackage: Moving '../../../../../MyTrainings/UnrealGamePlayMechanics/Fundamentals/Saved/FirstPersonExampleMap_BuiltData0C82CDEB427CB44AD0E7CBB2DFF71B98.tmp' to '../../../../../MyTrainings/UnrealGamePlayMechanics/Fundamentals/Content/FirstPersonBP/Maps/FirstPersonExampleMap_BuiltData.uasset'
[2021.01.27-01.36.17:997][531]LogEditorViewport: Clicking on Actor (LMB): StaticMeshActor (1M_Cube)
[2021.01.27-01.36.20:876][701]LogSlate: FSceneViewport::OnFocusLost() reason 2
[2021.01.27-01.36.22:858][819]LogContentBrowser: Native class hierarchy updated for 'Matinee' in 0.0003 seconds. Added 15 classes and 2 folders.
[2021.01.27-01.36.22:864][819]LogInit: Transaction tracking system initialized
[2021.01.27-01.36.22:866][819]EditorErrors: New page: Matinee Initialization
[2021.01.27-01.36.22:888][819]LogSlate: FSceneViewport::OnFocusLost() reason 2
[2021.01.27-01.36.57:622][894]LogSlate: FSceneViewport::OnFocusLost() reason 2
[2021.01.27-01.36.57:752][902]LogEditorViewport: Clicking on Actor (LMB): StaticMeshActor (1M_Cube)
[2021.01.27-01.37.04:308][293]LogSlate: FSceneViewport::OnFocusLost() reason 0
[2021.01.27-01.37.11:770][740]LogSlate: FSceneViewport::OnFocusLost() reason 0
[2021.01.27-01.37.11:887][747]LogTemp: Repeating last play command: Selected Viewport
[2021.01.27-01.37.13:928][747]LogSlate: Window 'Message' being destroyed
[2021.01.27-01.37.15:104][815]LogEditorViewport: Clicking on Actor (LMB): MatineeActor (MatineeActor)
[2021.01.27-01.37.20:541][140]LogEditorViewport: Clicking on Actor (LMB): StaticMeshActor (1M_Cube)
[2021.01.27-01.37.26:216][478]LogSlate: FSceneViewport::OnFocusLost() reason 2
[2021.01.27-01.37.30:153][714]LogSlate: FSceneViewport::OnFocusLost() reason 2
[2021.01.27-01.37.34:256][960]LogSlate: FSceneViewport::OnFocusLost() reason 0
[2021.01.27-01.37.38:480][213]LogSlate: FSceneViewport::OnFocusLost() reason 0
[2021.01.27-01.37.40:668][222]LogSlate: Window 'Message' being destroyed
[2021.01.27-01.37.44:591][457]LogSlate: FSceneViewport::OnFocusLost() reason 2
[2021.01.27-01.37.48:724][705]LogSlate: FSceneViewport::OnFocusLost() reason 2
[2021.01.27-01.37.48:820][711]LogEditorViewport: Clicking on Actor (LMB): StaticMeshActor (1M_Cube)
[2021.01.27-01.37.53:633][948]LogSlate: FSceneViewport::OnFocusLost() reason 0
[2021.01.27-01.38.15:211][140]LogSlate: Window 'MatineeActor*' being destroyed
[2021.01.27-01.38.15:943][184]LogSlate: FSceneViewport::OnFocusLost() reason 0
[2021.01.27-01.38.20:723][469]LogEditorViewport: Clicking on Actor (LMB): StaticMeshActor (1M_Cube)
[2021.01.27-01.38.24:735][709]LogSlate: FSceneViewport::OnFocusLost() reason 0
[2021.01.27-01.38.25:501][755]MapCheck: New page: Map Check
[2021.01.27-01.38.25:518][755]Cmd: MAP REBUILD ALLVISIBLE
[2021.01.27-01.38.25:518][755]LogEditorServer: Rebuildmap Clear paths rebuilt
[2021.01.27-01.38.25:566][755]LogMaterial: Display: Missing cached shader map for material FDebugViewModeMaterialProxy MaterialInstanceDynamic_0, compiling. 
[2021.01.27-01.38.25:581][755]LogShaderCompilers: Display: Shaders left to compile 1
[2021.01.27-01.38.25:581][755]LogMaterial: Display: Missing cached shader map for material FDebugViewModeMaterialProxy CubeMaterialOverride, compiling. 
[2021.01.27-01.38.25:586][755]LogMaterial: Display: Missing cached shader map for material FDebugViewModeMaterialProxy CubeMaterial, compiling. 
[2021.01.27-01.38.25:591][755]LogShaderCompilers: Display: Shaders left to compile 2
[2021.01.27-01.38.25:591][755]LogShaderCompilers: Display: Shaders left to compile 1
[2021.01.27-01.38.25:591][755]LogMaterial: Display: Missing cached shader map for material FDebugViewModeMaterialProxy M_Tech_Hex_Tile_Pulse, compiling. 
[2021.01.27-01.38.25:596][755]LogMaterial: Display: Missing cached shader map for material FDebugViewModeMaterialProxy M_FPGun, compiling. 
[2021.01.27-01.38.25:604][755]LogShaderCompilers: Display: Shaders left to compile 1
[2021.01.27-01.38.25:604][755]LogMaterial: Display: Missing cached shader map for material FDebugViewModeMaterialProxy M_UE4Man_Body, compiling. 
[2021.01.27-01.38.25:612][755]LogMaterial: Display: Missing cached shader map for material FDebugViewModeMaterialProxy MatineeCam_mat, compiling. 
[2021.01.27-01.38.26:290][755]LogShaderCompilers: Display: Shaders left to compile 3
[2021.01.27-01.38.26:290][755]LogShaderCompilers: Display: Shaders left to compile 2
[2021.01.27-01.38.26:290][755]LogShaderCompilers: Display: Shaders left to compile 1
[2021.01.27-01.38.26:290][755]TextureStreamingBuild: Display: Compiling optional shaders took 0.729 seconds.
[2021.01.27-01.38.26:321][755]LogLevel: Display: Export Material TexCoord Scales took 0.031 seconds.
[2021.01.27-01.38.26:331][755]TextureStreamingBuild: Display: Build Texture Streaming took 0.010 seconds.
[2021.01.27-01.38.26:351][755]LightingResults: New page: Lighting Build - 27 Jan 2021 01:38:26
[2021.01.27-01.38.26:356][755]LogSwarmInterface: [OpenConnection] Registering TCP channel ...
[2021.01.27-01.38.26:361][755]LogSwarmInterface: [OpenConnection] Connecting to agent ...
[2021.01.27-01.38.26:361][755]LogSwarmInterface: [TryOpenConnection] Testing the Agent
[2021.01.27-01.38.26:362][755]LogSwarmInterface: [TryOpenConnection] Opening Connection to Agent
[2021.01.27-01.38.26:362][755]LogSwarmInterface: [TryOpenConnection] Local Process ID is 3716
[2021.01.27-01.38.30:909][755]LogStaticLightingSystem: Running Lightmass w/ ImmediateImport mode ENABLED
[2021.01.27-01.38.30:909][755]LogStaticLightingSystem: Running Lightmass w/ ImmediateProcess mode ENABLED
[2021.01.27-01.38.30:909][755]LogStaticLightingSystem: Running Lightmass w/ Sorting mode ENABLED
[2021.01.27-01.38.30:909][755]LogStaticLightingSystem: Running Lightmass w/ Mapping paddings ENABLED
[2021.01.27-01.38.30:909][755]LogStaticLightingSystem: Running Lightmass w/ Mapping debug paddings DISABLED
[2021.01.27-01.38.31:015][755]Cmd: MAP CHECK DONTDISPLAYDIALOG
[2021.01.27-01.38.31:015][755]MapCheck: New page: FirstPersonExampleMap - 27 Jan 2021 01:38:31
[2021.01.27-01.38.31:015][755]MapCheck: Error: WorldInfo_0 Maps need lighting rebuilt 
[2021.01.27-01.38.31:070][755]MapCheck: Map check complete: 1 Error(s), 0 Warning(s), took 54.982ms to complete.
[2021.01.27-01.38.31:094][755]LogEditorBuildUtils: Build time 0:05
[2021.01.27-01.38.31:102][755]LogSlate: FSceneViewport::OnFocusLost() reason 2
[2021.01.27-01.38.31:128][755]LogMaterial: Display: Missing cached shader map for material FLightmassMaterialRenderer M_Tech_Hex_Tile_Pulse, compiling. 
[2021.01.27-01.38.31:136][755]LogMaterial: Display: Missing cached shader map for material FLightmassMaterialRenderer M_Tech_Hex_Tile_Pulse, compiling. 
[2021.01.27-01.38.31:157][755]LogShaderCompilers: Display: Shaders left to compile 4
[2021.01.27-01.38.33:142][820]LogSlate: Window 'Message Log' being destroyed
[2021.01.27-01.38.33:145][820]LogSlate: Window 'Message Log' being destroyed
[2021.01.27-01.38.53:754][ 49]Job is a success!
[2021.01.27-01.38.57:481][272]LogSlate: FSceneViewport::OnFocusLost() reason 0
[2021.01.27-01.38.57:623][278]LogVolumetricLightmapImport: Imported Volumetric Lightmap in 0.011s
[2021.01.27-01.38.57:623][278]LogVolumetricLightmapImport:      Indirection Texture 16x16x16 = 0.0Mb
[2021.01.27-01.38.57:623][278]LogVolumetricLightmapImport:      BrickData 335x5x5 = 0.3Mb (trimmed 0.0Mb due to 0.010000 MinBrickError)
[2021.01.27-01.38.57:623][278]LogVolumetricLightmapImport:      Bricks at Level
[2021.01.27-01.38.57:623][278]LogVolumetricLightmapImport:          0: 1.5% covering 100.0% of volume
[2021.01.27-01.38.57:623][278]LogVolumetricLightmapImport:          1: 6.0% covering 6.3% of volume
[2021.01.27-01.38.57:623][278]LogVolumetricLightmapImport:          2: 92.5% covering 1.5% of volume
[2021.01.27-01.38.59:149][278]LogTexture: Display: Building textures: SkyOcclusion0_1 (AutoDXT, 2048X1024)
[2021.01.27-01.38.59:149][278]LogTexture: Display: Building textures: HQ_Lightmap0_1 (AutoDXT, 2048X2048)
[2021.01.27-01.38.59:149][278]LogTexture: Display: Building textures: LQ_Lightmap_0_1 (DXT1, 2048X2048)
[2021.01.27-01.38.59:149][278]LogTexture: Display: Building textures: SkyOcclusion0_2 (AutoDXT, 2048X1024)
[2021.01.27-01.38.59:149][278]LogTexture: Display: Building textures: HQ_Lightmap0_2 (AutoDXT, 2048X2048)
[2021.01.27-01.38.59:149][278]LogTexture: Display: Building textures: LQ_Lightmap_0_2 (DXT1, 2048X2048)
[2021.01.27-01.38.59:149][278]LogTexture: Display: Building textures: SkyOcclusion0_3 (AutoDXT, 2048X1024)
[2021.01.27-01.38.59:149][278]LogTexture: Display: Building textures: HQ_Lightmap0_3 (AutoDXT, 2048X2048)
[2021.01.27-01.38.59:149][278]LogTexture: Display: Building textures: LQ_Lightmap_0_3 (DXT1, 2048X2048)
[2021.01.27-01.38.59:149][278]LogTexture: Display: Building textures: SkyOcclusion0_4 (AutoDXT, 2048X1024)
[2021.01.27-01.38.59:149][278]LogTexture: Display: Building textures: HQ_Lightmap0_4 (AutoDXT, 2048X2048)
[2021.01.27-01.38.59:149][278]LogTexture: Display: Building textures: LQ_Lightmap_0_4 (DXT1, 2048X2048)
[2021.01.27-01.38.59:149][278]LogTexture: Display: Building textures: SkyOcclusion0_5 (AutoDXT, 64X32)
[2021.01.27-01.38.59:149][278]LogTexture: Display: Building textures: HQ_Lightmap0_5 (AutoDXT, 64X64)
[2021.01.27-01.38.59:149][278]LogTexture: Display: Building textures: LQ_Lightmap_0_5 (DXT1, 64X64)
[2021.01.27-01.38.59:354][278]LogTexture: Display: Building textures: ShadowMapTexture2D_20 (G8, 1024X1024)
[2021.01.27-01.38.59:354][278]LogTexture: Display: Building textures: ShadowMapTexture2D_19 (G8, 1024X1024)
[2021.01.27-01.38.59:354][278]LogTexture: Display: Building textures: ShadowMapTexture2D_25 (G8, 32X32)
[2021.01.27-01.38.59:354][278]LogTexture: Display: Building textures: ShadowMapTexture2D_21 (G8, 1024X1024)
[2021.01.27-01.38.59:354][278]LogTexture: Display: Building textures: ShadowMapTexture2D_24 (G8, 64X64)
[2021.01.27-01.38.59:354][278]LogTexture: Display: Building textures: ShadowMapTexture2D_22 (G8, 1024X1024)
[2021.01.27-01.38.59:354][278]LogTexture: Display: Building textures: ShadowMapTexture2D_17 (G8, 1024X1024)
[2021.01.27-01.38.59:354][278]LogTexture: Display: Building textures: ShadowMapTexture2D_18 (G8, 1024X1024)
[2021.01.27-01.38.59:354][278]LogTexture: Display: Building textures: ShadowMapTexture2D_23 (G8, 1024X1024)
[2021.01.27-01.38.59:386][278]Lightmass on DESKTOP-LMGFUER: 26.9 sec total, 80 ms importing, 29 ms setup, 3.87 sec photons, 22.9 sec processing, 0 ms extra exporting [9/9 mappings]. Threads: 2:40 min total, 1:21 min processing.
[2021.01.27-01.38.59:391][278]LogStaticLightingSystem: Illumination: 29.2 sec (1.32 sec encoding lightmaps, 204 ms encoding shadowmaps)
[2021.01.27-01.38.59:391][278]LogStaticLightingSystem: Lightmap texture memory:  42.7 MB (42.7 MB streaming, 0.0 MB non-streaming), 10 textures
[2021.01.27-01.38.59:392][278]LogStaticLightingSystem: Shadowmap texture memory: 9.3 MB (9.3 MB streaming, 0.0 MB non-streaming), 9 textures
[2021.01.27-01.38.59:934][278]DumpUnbuiltLightIteractions
[2021.01.27-01.38.59:934][278]Lights with unbuilt interactions: 0
[2021.01.27-01.38.59:934][278]
[2021.01.27-01.38.59:934][278]Primitives with unbuilt interactions: 0
[2021.01.27-01.38.59:957][278]LogSlate: FSceneViewport::OnFocusLost() reason 2
[2021.01.27-01.39.00:052][279]Cmd: MAP CHECK NOTIFYRESULTS
[2021.01.27-01.39.00:052][279]MapCheck: New page: FirstPersonExampleMap - 27 Jan 2021 01:39:00
[2021.01.27-01.39.00:103][279]MapCheck: Map check complete: 0 Error(s), 0 Warning(s), took 50.999ms to complete.
[2021.01.27-01.39.02:900][445]LogEditorViewport: Clicking Background
[2021.01.27-01.39.03:433][477]LogEditorViewport: Clicking on Actor (LMB): StaticMeshActor (Wall4)
[2021.01.27-01.39.04:064][513]LogEditorViewport: Clicking on Actor (LMB): StaticMeshActor (Wall4)
[2021.01.27-01.39.07:484][718]LogEditorViewport: Clicking on Actor (LMB): StaticMeshActor (Wall4)
[2021.01.27-01.39.16:923][284]LogSlate: FSceneViewport::OnFocusLost() reason 0
[2021.01.27-01.39.21:995][454]LogSlate: FSceneViewport::OnFocusLost() reason 2
[2021.01.27-01.39.26:302][713]LogSlate: FSceneViewport::OnFocusLost() reason 0
[2021.01.27-01.39.31:543][939]LogSlate: Window 'Convert Matinee to Level Sequence Asset' being destroyed
[2021.01.27-01.39.32:635][939]LogSlate: Window 'Message' being destroyed
[2021.01.27-01.39.38:006][257]LogEditorViewport: Clicking on Actor (LMB): StaticMeshActor (1M_Cube)
[2021.01.27-01.39.39:088][320]LogEditorViewport: Clicking on Actor (LMB): StaticMeshActor (BigWall)
[2021.01.27-01.39.39:851][364]LogEditorViewport: Clicking on Actor (LMB): MatineeActor (MatineeActor)
[2021.01.27-01.39.42:222][505]Cmd: DELETE
[2021.01.27-01.39.42:222][505]Cmd: ACTOR DELETE
[2021.01.27-01.39.42:225][505]LogEditorActor: Deleted Actor: MatineeActor
[2021.01.27-01.39.42:244][505]LogExit: Transaction tracking system shut down
[2021.01.27-01.39.42:245][505]LogEditorActor: Deleted 1 Actors (0.022 secs)
[2021.01.27-01.39.45:615][708]LogEditorViewport: Clicking on Actor (LMB): StaticMeshActor (1M_Cube)
[2021.01.27-01.39.48:539][881]LogSlate: FSceneViewport::OnFocusLost() reason 2
[2021.01.27-01.39.49:824][958]LogInit: Transaction tracking system initialized
[2021.01.27-01.39.49:824][958]EditorErrors: New page: Matinee Initialization
[2021.01.27-01.39.49:833][958]LogSlate: FSceneViewport::OnFocusLost() reason 2
[2021.01.27-01.39.51:754][ 68]LogSlate: Window 'MatineeActor1*' being destroyed
[2021.01.27-01.39.51:759][ 68]LogSlate: Window 'MatineeActor1*' being destroyed
[2021.01.27-01.39.54:596][233]Cmd: DELETE
[2021.01.27-01.39.54:596][233]Cmd: ACTOR DELETE
[2021.01.27-01.39.54:597][233]LogEditorActor: Deleted Actor: MatineeActor
[2021.01.27-01.39.54:617][233]LogExit: Transaction tracking system shut down
[2021.01.27-01.39.54:617][233]LogEditorActor: Deleted 1 Actors (0.021 secs)
[2021.01.27-01.39.56:539][349]LogEditorViewport: Clicking on Actor (LMB): StaticMeshActor (1M_Cube)
[2021.01.27-01.39.59:427][520]LogSlate: FSceneViewport::OnFocusLost() reason 2
[2021.01.27-01.40.00:597][590]LogInit: Transaction tracking system initialized
[2021.01.27-01.40.00:597][590]EditorErrors: New page: Matinee Initialization
[2021.01.27-01.40.00:604][590]LogSlate: FSceneViewport::OnFocusLost() reason 2
[2021.01.27-01.41.00:791][188]LogSlate: FSceneViewport::OnFocusLost() reason 0
[2021.01.27-01.41.02:279][255]LogSlate: Window 'MatineeActor2*' being destroyed
[2021.01.27-01.41.02:894][292]LogSlate: FSceneViewport::OnFocusLost() reason 0
[2021.01.27-01.41.03:911][353]LogEditorViewport: Clicking on Actor (LMB): StaticMeshActor (1M_Cube)
[2021.01.27-01.41.09:781][703]LogSlate: FSceneViewport::OnFocusLost() reason 0
[2021.01.27-01.41.19:751][ 71]LogSlate: FSceneViewport::OnFocusLost() reason 0
[2021.01.27-01.41.29:684][667]LogSlate: FSceneViewport::OnFocusLost() reason 0
[2021.01.27-01.41.31:394][677]LogSlate: Window 'Message' being destroyed
[2021.01.27-01.41.34:601][869]LogEditorViewport: Clicking on Actor (LMB): StaticMeshActor (1M_Cube)
[2021.01.27-01.41.37:248][ 26]LogEditorViewport: Clicking on Actor (LMB): StaticMeshActor (BigWall)
[2021.01.27-01.41.40:080][194]LogEditorViewport: Clicking on Actor (LMB): MatineeActor (MatineeActor2)
[2021.01.27-01.41.44:857][479]LogSlate: FSceneViewport::OnFocusLost() reason 0
[2021.01.27-01.41.48:303][680]LogEditorViewport: Clicking on Actor (context menu): MatineeActor (MatineeActor2)
[2021.01.27-01.41.48:337][680]LogSlate: FSceneViewport::OnFocusLost() reason 2
[2021.01.27-01.41.52:113][906]LogEditorViewport: Clicking on Actor (LMB): MatineeActor (MatineeActor2)
[2021.01.27-01.41.53:900][ 13]LogSlate: FSceneViewport::OnFocusLost() reason 0
[2021.01.27-01.41.56:606][174]LogExit: Transaction tracking system shut down
[2021.01.27-01.41.58:109][174]LogSlate: Window 'Save Content' being destroyed
[2021.01.27-01.41.58:143][174]LogSlate: Window 'Fundamentals - Unreal Editor' being destroyed
[2021.01.27-01.41.58:294][175]Cmd: QUIT_EDITOR
[2021.01.27-01.41.58:328][175]LogWindowsTextInputMethodSystem: Display: IME system now deactivated.
[2021.01.27-01.41.58:336][175]LogExit: Preparing to exit.
[2021.01.27-01.41.58:760][175]LogExit: Editor shut down
[2021.01.27-01.41.58:761][175]LogExit: Transaction tracking system shut down
[2021.01.27-01.41.59:070][175]LogExit: Object subsystem successfully closed.
[2021.01.27-01.41.59:096][175]LogShaderCompilers: Display: Shaders left to compile 0
[2021.01.27-01.41.59:099][175]LogD3D11RHI: Shutdown
[2021.01.27-01.41.59:099][175]LogD3D11RHI: CleanupD3DDevice
[2021.01.27-01.41.59:104][175]LogD3D11RHI: ~FD3D11DynamicRHI
[2021.01.27-01.41.59:110][175]LogModuleManager: Shutting down and abandoning module DistCurveEditor (634)
[2021.01.27-01.41.59:110][175]LogModuleManager: Shutting down and abandoning module Matinee (632)
[2021.01.27-01.41.59:110][175]LogModuleManager: Shutting down and abandoning module HierarchicalLODUtilities (630)
[2021.01.27-01.41.59:110][175]LogModuleManager: Shutting down and abandoning module HierarchicalLODOutliner (628)
[2021.01.27-01.41.59:110][175]LogModuleManager: Shutting down and abandoning module SceneOutliner (626)
[2021.01.27-01.41.59:110][175]LogModuleManager: Shutting down and abandoning module AddContentDialog (624)
[2021.01.27-01.41.59:110][175]LogModuleManager: Shutting down and abandoning module WidgetCarousel (623)
[2021.01.27-01.41.59:110][175]LogModuleManager: Shutting down and abandoning module EditorWidgets (620)
[2021.01.27-01.41.59:110][175]LogModuleManager: Shutting down and abandoning module CollectionManager (618)
[2021.01.27-01.41.59:111][175]LogModuleManager: Shutting down and abandoning module StatsViewer (616)
[2021.01.27-01.41.59:111][175]LogModuleManager: Shutting down and abandoning module FoliageEdit (614)
[2021.01.27-01.41.59:111][175]LogModuleManager: Shutting down and abandoning module LandscapeEditor (612)
[2021.01.27-01.41.59:111][175]LogModuleManager: Shutting down and abandoning module MeshPaintMode (610)
[2021.01.27-01.41.59:111][175]LogModuleManager: Shutting down and abandoning module SceneDepthPickerMode (608)
[2021.01.27-01.41.59:111][175]LogModuleManager: Shutting down and abandoning module ActorPickerMode (606)
[2021.01.27-01.41.59:111][175]LogModuleManager: Shutting down and abandoning module GeometryMode (604)
[2021.01.27-01.41.59:111][175]LogModuleManager: Shutting down and abandoning module TextureAlignMode (602)
[2021.01.27-01.41.59:111][175]LogModuleManager: Shutting down and abandoning module BspMode (600)
[2021.01.27-01.41.59:111][175]LogModuleManager: Shutting down and abandoning module PIEPreviewDeviceProfileSelector (598)
[2021.01.27-01.41.59:111][175]LogModuleManager: Shutting down and abandoning module SequenceRecorderSections (596)
[2021.01.27-01.41.59:111][175]LogModuleManager: Shutting down and abandoning module AutomationWorker (594)
[2021.01.27-01.41.59:111][175]LogModuleManager: Shutting down and abandoning module DatasmithFBXImporter (592)
[2021.01.27-01.41.59:111][175]LogModuleManager: Shutting down and abandoning module DatasmithDeltaGenImporter (590)
[2021.01.27-01.41.59:111][175]LogModuleManager: Shutting down and abandoning module DatasmithVREDImporter (588)
[2021.01.27-01.41.59:111][175]LogModuleManager: Shutting down and abandoning module AudioCaptureEditor (586)
[2021.01.27-01.41.59:111][175]LogModuleManager: Shutting down and abandoning module SequenceRecorder (585)
[2021.01.27-01.41.59:111][175]LogModuleManager: Shutting down and abandoning module MatineeToLevelSequence (582)
[2021.01.27-01.41.59:111][175]LogModuleManager: Shutting down and abandoning module LevelSequenceEditor (580)
[2021.01.27-01.41.59:111][175]LogModuleManager: Shutting down and abandoning module PlacementMode (579)
[2021.01.27-01.41.59:111][175]LogModuleManager: Shutting down and abandoning module MaterialEditor (578)
[2021.01.27-01.41.59:111][175]LogModuleManager: Shutting down and abandoning module WmfMediaFactory (574)
[2021.01.27-01.41.59:111][175]LogModuleManager: Shutting down and abandoning module WmfMediaEditor (572)
[2021.01.27-01.41.59:111][175]LogModuleManager: Shutting down and abandoning module MediaPlayerEditor (570)
[2021.01.27-01.41.59:111][175]LogModuleManager: Shutting down and abandoning module OpenExrWrapper (568)
[2021.01.27-01.41.59:111][175]LogModuleManager: Shutting down and abandoning module ImgMediaFactory (566)
[2021.01.27-01.41.59:111][175]LogModuleManager: Shutting down and abandoning module ImgMediaEditor (564)
[2021.01.27-01.41.59:111][175]LogModuleManager: Shutting down and abandoning module AvfMediaFactory (562)
[2021.01.27-01.41.59:111][175]LogModuleManager: Shutting down and abandoning module AvfMediaEditor (560)
[2021.01.27-01.41.59:111][175]LogModuleManager: Shutting down and abandoning module AndroidMediaFactory (558)
[2021.01.27-01.41.59:111][175]LogModuleManager: Shutting down and abandoning module AndroidMediaEditor (556)
[2021.01.27-01.41.59:111][175]LogModuleManager: Shutting down and abandoning module MagicLeapCameraPreviewFactory (554)
[2021.01.27-01.41.59:111][175]LogModuleManager: Shutting down and abandoning module MagicLeapMediaFactory (552)
[2021.01.27-01.41.59:111][175]LogModuleManager: Shutting down and abandoning module MagicLeapMediaEditor (550)
[2021.01.27-01.41.59:111][175]LogModuleManager: Shutting down and abandoning module CharacterAI (548)
[2021.01.27-01.41.59:111][175]LogModuleManager: Shutting down and abandoning module SmartSnapping (546)
[2021.01.27-01.41.59:111][175]LogModuleManager: Shutting down and abandoning module SessionServices (544)
[2021.01.27-01.41.59:111][175]LogModuleManager: Shutting down and abandoning module ViewportSnapping (542)
[2021.01.27-01.41.59:111][175]LogModuleManager: Shutting down and abandoning module ViewportInteraction (540)
[2021.01.27-01.41.59:111][175]LogModuleManager: Shutting down and abandoning module ClothPainter (538)
[2021.01.27-01.41.59:111][175]LogModuleManager: Shutting down and abandoning module SkeletalMeshEditor (537)
[2021.01.27-01.41.59:111][175]LogModuleManager: Shutting down and abandoning module LogVisualizer (534)
[2021.01.27-01.41.59:111][175]LogModuleManager: Shutting down and abandoning module IntroTutorials (532)
[2021.01.27-01.41.59:111][175]LogModuleManager: Shutting down and abandoning module GameProjectGeneration (531)
[2021.01.27-01.41.59:111][175]LogModuleManager: Shutting down and abandoning module LuminPlatformEditor (528)
[2021.01.27-01.41.59:111][175]LogModuleManager: Shutting down and abandoning module IOSPlatformEditor (526)
[2021.01.27-01.41.59:111][175]LogModuleManager: Shutting down and abandoning module HTML5PlatformEditor (524)
[2021.01.27-01.41.59:111][175]LogModuleManager: Shutting down and abandoning module AndroidPlatformEditor (522)
[2021.01.27-01.41.59:111][175]LogModuleManager: Shutting down and abandoning module AndroidDeviceDetection (521)
[2021.01.27-01.41.59:744][175]LogModuleManager: Shutting down and abandoning module WindowsPlatformEditor (518)
[2021.01.27-01.41.59:744][175]LogModuleManager: Shutting down and abandoning module LuminRuntimeSettings (516)
[2021.01.27-01.41.59:744][175]LogModuleManager: Shutting down and abandoning module IOSRuntimeSettings (514)
[2021.01.27-01.41.59:744][175]LogModuleManager: Shutting down and abandoning module AndroidRuntimeSettings (512)
[2021.01.27-01.41.59:744][175]LogModuleManager: Shutting down and abandoning module InputBindingEditor (510)
[2021.01.27-01.41.59:744][175]LogModuleManager: Shutting down and abandoning module MergeActors (508)
[2021.01.27-01.41.59:744][175]LogModuleManager: Shutting down and abandoning module LocalizationDashboard (506)
[2021.01.27-01.41.59:744][175]LogModuleManager: Shutting down and abandoning module LocalizationService (505)
[2021.01.27-01.41.59:744][175]LogModuleManager: Shutting down and abandoning module HardwareTargeting (502)
[2021.01.27-01.41.59:744][175]LogModuleManager: Shutting down and abandoning module DeviceProfileEditor (500)
[2021.01.27-01.41.59:744][175]LogModuleManager: Shutting down and abandoning module UndoHistory (498)
[2021.01.27-01.41.59:744][175]LogModuleManager: Shutting down and abandoning module XmlParser (496)
[2021.01.27-01.41.59:744][175]LogModuleManager: Shutting down and abandoning module Blutility (494)
[2021.01.27-01.41.59:744][175]LogModuleManager: Shutting down and abandoning module ProjectSettingsViewer (492)
[2021.01.27-01.41.59:744][175]LogModuleManager: Shutting down and abandoning module ProjectTargetPlatformEditor (491)
[2021.01.27-01.41.59:744][175]LogModuleManager: Shutting down and abandoning module EditorSettingsViewer (488)
[2021.01.27-01.41.59:745][175]LogModuleManager: Shutting down and abandoning module SettingsEditor (486)
[2021.01.27-01.41.59:745][175]LogModuleManager: Shutting down and abandoning module ProjectLauncher (484)
[2021.01.27-01.41.59:745][175]LogModuleManager: Shutting down and abandoning module SessionFrontend (482)
[2021.01.27-01.41.59:745][175]LogModuleManager: Shutting down and abandoning module ProfilerClient (480)
[2021.01.27-01.41.59:745][175]LogModuleManager: Shutting down and abandoning module DeviceManager (478)
[2021.01.27-01.41.59:745][175]LogModuleManager: Shutting down and abandoning module TargetDeviceServices (477)
[2021.01.27-01.41.59:811][175]LogModuleManager: Shutting down and abandoning module AutomationController (474)
[2021.01.27-01.41.59:811][175]LogModuleManager: Shutting down and abandoning module AutomationWindow (472)
[2021.01.27-01.41.59:811][175]LogModuleManager: Shutting down and abandoning module Layers (470)
[2021.01.27-01.41.59:811][175]LogModuleManager: Shutting down and abandoning module ComponentVisualizers (468)
[2021.01.27-01.41.59:811][175]LogModuleManager: Shutting down and abandoning module DetailCustomizations (466)
[2021.01.27-01.41.59:811][175]LogModuleManager: Shutting down and abandoning module PackagesDialog (464)
[2021.01.27-01.41.59:811][175]LogModuleManager: Shutting down and abandoning module Persona (462)
[2021.01.27-01.41.59:811][175]LogModuleManager: Shutting down and abandoning module AnimGraph (461)
[2021.01.27-01.41.59:811][175]LogModuleManager: Shutting down and abandoning module Kismet (458)
[2021.01.27-01.41.59:811][175]LogModuleManager: Shutting down and abandoning module GraphEditor (456)
[2021.01.27-01.41.59:811][175]LogModuleManager: Shutting down and abandoning module ClassViewer (454)
[2021.01.27-01.41.59:811][175]LogModuleManager: Shutting down and abandoning module Toolbox (452)
[2021.01.27-01.41.59:811][175]LogModuleManager: Shutting down and abandoning module ModuleUI (450)
[2021.01.27-01.41.59:811][175]LogModuleManager: Shutting down and abandoning module MovieSceneTools (448)
[2021.01.27-01.41.59:811][175]LogModuleManager: Shutting down and abandoning module OutputLog (446)
[2021.01.27-01.41.59:811][175]LogModuleManager: Shutting down and abandoning module GammaUI (444)
[2021.01.27-01.41.59:811][175]LogModuleManager: Shutting down and abandoning module Documentation (442)
[2021.01.27-01.41.59:811][175]LogModuleManager: Shutting down and abandoning module MovieSceneTracks (440)
[2021.01.27-01.41.59:811][175]LogModuleManager: Shutting down and abandoning module MovieScene (438)
[2021.01.27-01.41.59:811][175]LogModuleManager: Shutting down and abandoning module StreamingPauseRendering (436)
[2021.01.27-01.41.59:811][175]LogModuleManager: Shutting down and abandoning module LauncherPlatform (434)
[2021.01.27-01.41.59:811][175]LogModuleManager: Shutting down and abandoning module AnalyticsET (432)
[2021.01.27-01.41.59:811][175]LogModuleManager: Shutting down and abandoning module PortalServices (430)
[2021.01.27-01.41.59:812][175]LogModuleManager: Shutting down and abandoning module PortalRpc (428)
[2021.01.27-01.41.59:812][175]LogModuleManager: Shutting down and abandoning module MessagingRpc (426)
[2021.01.27-01.41.59:812][175]LogModuleManager: Shutting down and abandoning module AIModule (424)
[2021.01.27-01.41.59:812][175]LogModuleManager: Shutting down and abandoning module GameplayDebugger (423)
[2021.01.27-01.41.59:812][175]LogModuleManager: Shutting down and abandoning module AITestSuite (421)
[2021.01.27-01.41.59:812][175]LogModuleManager: Shutting down and abandoning module NavigationSystem (419)
[2021.01.27-01.41.59:812][175]LogModuleManager: Shutting down and abandoning module DesktopPlatform (416)
[2021.01.27-01.41.59:812][175]LogModuleManager: Shutting down and abandoning module ProfilerService (414)
[2021.01.27-01.41.59:918][175]LogModuleManager: Shutting down and abandoning module TaskGraph (412)
[2021.01.27-01.41.59:918][175]LogModuleManager: Shutting down and abandoning module DatasmithCADImporter (410)
[2021.01.27-01.41.59:919][175]LogModuleManager: Shutting down and abandoning module StaticMeshEditorExtension (408)
[2021.01.27-01.41.59:919][175]LogModuleManager: Shutting down and abandoning module StaticMeshEditor (407)
[2021.01.27-01.41.59:919][175]LogModuleManager: Shutting down and abandoning module AdvancedPreviewScene (406)
[2021.01.27-01.41.59:919][175]LogModuleManager: Shutting down and abandoning module DatasmithMDLImporter (402)
[2021.01.27-01.41.59:919][175]LogModuleManager: Shutting down and abandoning module DatasmithImporter (400)
[2021.01.27-01.41.59:919][175]LogModuleManager: Shutting down and abandoning module SteamVRController (398)
[2021.01.27-01.41.59:919][175]LogModuleManager: Shutting down and abandoning module ProceduralMeshComponentEditor (396)
[2021.01.27-01.41.59:919][175]LogModuleManager: Shutting down and abandoning module ProceduralMeshComponent (394)
[2021.01.27-01.41.59:919][175]LogModuleManager: Shutting down and abandoning module OculusInput (392)
[2021.01.27-01.41.59:919][175]LogModuleManager: Shutting down and abandoning module MobilePatchingUtils (390)
[2021.01.27-01.41.59:919][175]LogModuleManager: Shutting down and abandoning module EditableMesh (388)
[2021.01.27-01.41.59:919][175]LogModuleManager: Shutting down and abandoning module CustomMeshComponent (386)
[2021.01.27-01.41.59:919][175]LogModuleManager: Shutting down and abandoning module CableComponent (384)
[2021.01.27-01.41.59:919][175]LogModuleManager: Shutting down and abandoning module AudioCapture (382)
[2021.01.27-01.41.59:919][175]LogModuleManager: Shutting down and abandoning module ArchVisCharacter (380)
[2021.01.27-01.41.59:919][175]LogModuleManager: Shutting down and abandoning module AndroidPermission (378)
[2021.01.27-01.41.59:919][175]LogModuleManager: Shutting down and abandoning module NUTUnrealEngine4 (376)
[2021.01.27-01.41.59:919][175]LogModuleManager: Shutting down and abandoning module NetcodeUnitTest (374)
[2021.01.27-01.41.59:919][175]LogModuleManager: Shutting down and abandoning module MediaCompositingEditor (372)
[2021.01.27-01.41.59:919][175]LogModuleManager: Shutting down and abandoning module MediaCompositing (370)
[2021.01.27-01.41.59:919][175]LogModuleManager: Shutting down and abandoning module LinearTimecode (368)
[2021.01.27-01.41.59:919][175]LogModuleManager: Shutting down and abandoning module ImgMedia (366)
[2021.01.27-01.41.59:923][175]LogModuleManager: Shutting down and abandoning module HTML5Networking (364)
[2021.01.27-01.41.59:923][175]LogModuleManager: Shutting down and abandoning module GeometryCacheTracks (362)
[2021.01.27-01.41.59:923][175]LogModuleManager: Shutting down and abandoning module GeometryCacheSequencer (360)
[2021.01.27-01.41.59:923][175]LogModuleManager: Shutting down and abandoning module BackChannel (358)
[2021.01.27-01.41.59:923][175]LogModuleManager: Shutting down and abandoning module AppleVision (356)
[2021.01.27-01.41.59:923][175]LogModuleManager: Shutting down and abandoning module AppleImageUtils (354)
[2021.01.27-01.41.59:923][175]LogModuleManager: Shutting down and abandoning module AlembicImporter (352)
[2021.01.27-01.41.59:923][175]LogModuleManager: Shutting down and abandoning module AlembicLibrary (351)
[2021.01.27-01.41.59:923][175]LogModuleManager: Shutting down and abandoning module GeometryCache (350)
[2021.01.27-01.41.59:923][175]LogModuleManager: Shutting down and abandoning module GeometryCacheEd (349)
[2021.01.27-01.41.59:923][175]LogModuleManager: Shutting down and abandoning module DatasmithContentEditor (344)
[2021.01.27-01.41.59:923][175]LogModuleManager: Shutting down and abandoning module DatasmithContent (342)
[2021.01.27-01.41.59:923][175]LogModuleManager: Shutting down and abandoning module SpeedTreeImporter (340)
[2021.01.27-01.41.59:923][175]LogModuleManager: Shutting down and abandoning module PluginBrowser (338)
[2021.01.27-01.41.59:923][175]LogModuleManager: Shutting down and abandoning module MobileLauncherProfileWizard (336)
[2021.01.27-01.41.59:923][175]LogModuleManager: Shutting down and abandoning module PolygonModeling (334)
[2021.01.27-01.41.59:923][175]LogModuleManager: Shutting down and abandoning module MeshEditor (332)
[2021.01.27-01.41.59:923][175]LogModuleManager: Shutting down and abandoning module EditorScriptingUtilities (330)
[2021.01.27-01.41.59:923][175]LogModuleManager: Shutting down and abandoning module CryptoKeysOpenSSL (328)
[2021.01.27-01.41.59:923][175]LogModuleManager: Shutting down and abandoning module CryptoKeys (326)
[2021.01.27-01.41.59:923][175]LogModuleManager: Shutting down and abandoning module VisualStudioSourceCodeAccess (324)
[2021.01.27-01.41.59:923][175]LogModuleManager: Shutting down and abandoning module VisualStudioCodeSourceCodeAccess (322)
[2021.01.27-01.41.59:923][175]LogModuleManager: Shutting down and abandoning module UObjectPlugin (320)
[2021.01.27-01.41.59:923][175]LogModuleManager: Shutting down and abandoning module SubversionSourceControl (318)
[2021.01.27-01.41.59:923][175]LogModuleManager: Shutting down and abandoning module PerforceSourceControl (316)
[2021.01.27-01.41.59:923][175]LogModuleManager: Shutting down and abandoning module GitSourceControl (314)
[2021.01.27-01.41.59:923][175]LogModuleManager: Shutting down and abandoning module SourceControl (313)
[2021.01.27-01.41.59:923][175]LogModuleManager: Shutting down and abandoning module CLionSourceCodeAccess (310)
[2021.01.27-01.41.59:923][175]LogModuleManager: Shutting down and abandoning module LightPropagationVolumeEditor (308)
[2021.01.27-01.41.59:923][175]LogModuleManager: Shutting down and abandoning module PaperTiledImporter (306)
[2021.01.27-01.41.59:923][175]LogModuleManager: Shutting down and abandoning module PaperSpriteSheetImporter (304)
[2021.01.27-01.41.59:923][175]LogModuleManager: Shutting down and abandoning module Paper2DEditor (302)
[2021.01.27-01.41.59:923][175]LogModuleManager: Shutting down and abandoning module MeshPaint (301)
[2021.01.27-01.41.59:924][175]LogModuleManager: Shutting down and abandoning module RuntimePhysXCooking (298)
[2021.01.27-01.41.59:924][175]LogModuleManager: Shutting down and abandoning module PhysXVehiclesEditor (296)
[2021.01.27-01.41.59:924][175]LogModuleManager: Shutting down and abandoning module PhysXVehicles (294)
[2021.01.27-01.41.59:924][175]LogModuleManager: Shutting down and abandoning module OculusEditor (292)
[2021.01.27-01.41.59:924][175]LogModuleManager: Shutting down and abandoning module LocationServicesBPLibrary (290)
[2021.01.27-01.41.59:924][175]LogModuleManager: Shutting down and abandoning module ImmediatePhysicsEditor (288)
[2021.01.27-01.41.59:924][175]LogModuleManager: Shutting down and abandoning module ImmediatePhysics (286)
[2021.01.27-01.41.59:924][175]LogModuleManager: Shutting down and abandoning module ActorSequence (284)
[2021.01.27-01.41.59:924][175]LogModuleManager: Shutting down and abandoning module UdpMessaging (282)
[2021.01.27-01.42.00:024][175]LogModuleManager: Shutting down and abandoning module TcpMessaging (280)
[2021.01.27-01.42.00:125][175]LogModuleManager: Shutting down and abandoning module MagicLeapAudio (278)
[2021.01.27-01.42.00:125][175]LogModuleManager: Shutting down and abandoning module GameplayTagsEditor (276)
[2021.01.27-01.42.00:125][175]LogModuleManager: Shutting down and abandoning module FacialAnimationEditor (274)
[2021.01.27-01.42.00:125][175]LogModuleManager: Shutting down and abandoning module FacialAnimation (272)
[2021.01.27-01.42.00:125][175]LogModuleManager: Shutting down and abandoning module DataValidation (270)
[2021.01.27-01.42.00:125][175]LogModuleManager: Shutting down and abandoning module AssetManagerEditor (268)
[2021.01.27-01.42.00:125][175]LogModuleManager: Shutting down and abandoning module LevelEditor (267)
[2021.01.27-01.42.00:125][175]LogModuleManager: Shutting down and abandoning module PixelInspectorModule (266)
[2021.01.27-01.42.00:125][175]LogModuleManager: Shutting down and abandoning module CommonMenuExtensions (264)
[2021.01.27-01.42.00:125][175]LogModuleManager: Shutting down and abandoning module MainFrame (262)
[2021.01.27-01.42.00:125][175]LogModuleManager: Shutting down and abandoning module HotReload (261)
[2021.01.27-01.42.00:126][175]LogModuleManager: Shutting down and abandoning module ContentBrowser (257)
[2021.01.27-01.42.00:126][175]LogModuleManager: Shutting down and abandoning module TreeMap (255)
[2021.01.27-01.42.00:126][175]LogModuleManager: Shutting down and abandoning module LightPropagationVolumeRuntime (252)
[2021.01.27-01.42.00:126][175]LogModuleManager: Shutting down and abandoning module AISupportModule (250)
[2021.01.27-01.42.00:126][175]LogModuleManager: Shutting down and abandoning module Paper2D (248)
[2021.01.27-01.42.00:126][175]LogModuleManager: Shutting down and abandoning module WindowsMoviePlayer (246)
[2021.01.27-01.42.00:128][175]LogModuleManager: Shutting down and abandoning module WmfMedia (244)
[2021.01.27-01.42.00:129][175]LogModuleManager: Shutting down and abandoning module Media (243)
[2021.01.27-01.42.00:135][175]LogModuleManager: Shutting down and abandoning module PacketHandler (240)
[2021.01.27-01.42.00:135][175]LogModuleManager: Shutting down and abandoning module ClothingSystemEditor (238)
[2021.01.27-01.42.00:135][175]LogModuleManager: Shutting down and abandoning module ClothingSystemRuntime (236)
[2021.01.27-01.42.00:135][175]LogModuleManager: Shutting down and abandoning module MediaAssets (234)
[2021.01.27-01.42.00:135][175]LogModuleManager: Shutting down and abandoning module Overlay (232)
[2021.01.27-01.42.00:135][175]LogModuleManager: Shutting down and abandoning module OverlayEditor (231)
[2021.01.27-01.42.00:135][175]LogModuleManager: Shutting down and abandoning module VREditor (228)
[2021.01.27-01.42.00:135][175]LogModuleManager: Shutting down and abandoning module StringTableEditor (226)
[2021.01.27-01.42.00:135][175]LogModuleManager: Shutting down and abandoning module GameplayTasksEditor (224)
[2021.01.27-01.42.00:135][175]LogModuleManager: Shutting down and abandoning module BehaviorTreeEditor (222)
[2021.01.27-01.42.00:135][175]LogModuleManager: Shutting down and abandoning module FunctionalTesting (220)
[2021.01.27-01.42.00:135][175]LogModuleManager: Shutting down and abandoning module CollisionAnalyzer (218)
[2021.01.27-01.42.00:135][175]LogModuleManager: Shutting down and abandoning module WorkspaceMenuStructure (217)
[2021.01.27-01.42.00:135][175]LogModuleManager: Shutting down and abandoning module UMG (214)
[2021.01.27-01.42.00:135][175]LogModuleManager: Shutting down and abandoning module UMGEditor (213)
[2021.01.27-01.42.00:135][175]LogModuleManager: Shutting down and abandoning module Sequencer (212)
[2021.01.27-01.42.00:136][175]LogModuleManager: Shutting down and abandoning module MessageLog (209)
[2021.01.27-01.42.00:136][175]LogModuleManager: Shutting down and abandoning module SlateReflector (204)
[2021.01.27-01.42.00:136][175]LogModuleManager: Shutting down and abandoning module Slate (202)
[2021.01.27-01.42.00:136][175]LogModuleManager: Shutting down and abandoning module EditorStyle (200)
[2021.01.27-01.42.00:137][175]LogModuleManager: Shutting down and abandoning module MRMesh (198)
[2021.01.27-01.42.00:137][175]LogModuleManager: Shutting down and abandoning module SourceCodeAccess (196)
[2021.01.27-01.42.00:137][175]LogModuleManager: Shutting down and abandoning module HeadMountedDisplay (194)
[2021.01.27-01.42.00:137][175]LogModuleManager: Shutting down and abandoning module XAudio2 (192)
[2021.01.27-01.42.00:137][175]LogModuleManager: Shutting down and abandoning module Networking (190)
[2021.01.27-01.42.00:137][175]LogModuleManager: Shutting down and abandoning module Core (188)
[2021.01.27-01.42.00:137][175]LogModuleManager: Shutting down and abandoning module LevelSequence (186)
[2021.01.27-01.42.00:137][175]LogModuleManager: Shutting down and abandoning module KismetCompiler (184)
[2021.01.27-01.42.00:137][175]LogModuleManager: Shutting down and abandoning module MeshUtilities (182)
[2021.01.27-01.42.00:137][175]LogModuleManager: Shutting down and abandoning module MeshMergeUtilities (181)
[2021.01.27-01.42.00:137][175]LogModuleManager: Shutting down and abandoning module MeshReductionInterface (180)
[2021.01.27-01.42.00:137][175]LogModuleManager: Shutting down and abandoning module SimplygonSwarm (179)
[2021.01.27-01.42.00:137][175]LogModuleManager: Shutting down and abandoning module ProxyLODMeshReduction (177)
[2021.01.27-01.42.00:137][175]LogModuleManager: Shutting down and abandoning module SimplygonMeshReduction (175)
[2021.01.27-01.42.00:137][175]LogModuleManager: Shutting down and abandoning module QuadricMeshReduction (173)
[2021.01.27-01.42.00:137][175]LogModuleManager: Shutting down and abandoning module MaterialBaking (169)
[2021.01.27-01.42.00:137][175]LogModuleManager: Shutting down and abandoning module DirectoryWatcher (165)
[2021.01.27-01.42.00:137][175]LogModuleManager: Shutting down and abandoning module DerivedDataCache (162)
[2021.01.27-01.42.00:150][175]LogDerivedDataCache: Shutdown
[2021.01.27-01.42.00:150][175]LogModuleManager: Shutting down and abandoning module XGEController (160)
[2021.01.27-01.42.00:150][175]LogXGEController: Cleaning working directory: C:/Users/moham/AppData/Local/Temp/UnrealXGEWorkingDir/
[2021.01.27-01.42.00:150][175]LogModuleManager: Shutting down and abandoning module TargetPlatform (158)
[2021.01.27-01.42.00:150][175]LogModuleManager: Shutting down and abandoning module VulkanShaderFormat (157)
[2021.01.27-01.42.00:150][175]LogModuleManager: Shutting down and abandoning module ShaderFormatVectorVM (155)
[2021.01.27-01.42.00:150][175]LogModuleManager: Shutting down and abandoning module ShaderFormatOpenGL (153)
[2021.01.27-01.42.00:150][175]LogModuleManager: Shutting down and abandoning module ShaderFormatD3D (151)
[2021.01.27-01.42.00:150][175]LogModuleManager: Shutting down and abandoning module MetalShaderFormat (149)
[2021.01.27-01.42.00:150][175]LogModuleManager: Shutting down and abandoning module TextureFormatUncompressed (147)
[2021.01.27-01.42.00:150][175]LogModuleManager: Shutting down and abandoning module TextureFormatPVR (145)
[2021.01.27-01.42.00:150][175]LogModuleManager: Shutting down and abandoning module TextureFormatDXT (143)
[2021.01.27-01.42.00:150][175]LogModuleManager: Shutting down and abandoning module TextureFormatIntelISPCTexComp (141)
[2021.01.27-01.42.00:150][175]LogModuleManager: Shutting down and abandoning module TextureFormatASTC (139)
[2021.01.27-01.42.00:150][175]LogModuleManager: Shutting down and abandoning module ImageWrapper (138)
[2021.01.27-01.42.00:151][175]LogModuleManager: Shutting down and abandoning module TextureFormatAndroid (135)
[2021.01.27-01.42.00:151][175]LogModuleManager: Shutting down and abandoning module AudioFormatOpus (133)
[2021.01.27-01.42.00:151][175]LogModuleManager: Shutting down and abandoning module AudioFormatOgg (131)
[2021.01.27-01.42.00:151][175]LogModuleManager: Shutting down and abandoning module AudioFormatADPCM (129)
[2021.01.27-01.42.00:151][175]LogModuleManager: Shutting down and abandoning module LuminTargetPlatform (127)
[2021.01.27-01.42.00:151][175]LogModuleManager: Shutting down and abandoning module LinuxTargetPlatform (125)
[2021.01.27-01.42.00:151][175]LogModuleManager: Shutting down and abandoning module LinuxServerTargetPlatform (123)
[2021.01.27-01.42.00:151][175]LogModuleManager: Shutting down and abandoning module LinuxNoEditorTargetPlatform (121)
[2021.01.27-01.42.00:151][175]LogModuleManager: Shutting down and abandoning module LinuxClientTargetPlatform (119)
[2021.01.27-01.42.00:151][175]LogModuleManager: Shutting down and abandoning module TVOSTargetPlatform (117)
[2021.01.27-01.42.00:151][175]LogModuleManager: Shutting down and abandoning module Messaging (115)
[2021.01.27-01.42.00:151][175]LogModuleManager: Shutting down and abandoning module IOSTargetPlatform (113)
[2021.01.27-01.42.00:152][175]LogModuleManager: Shutting down and abandoning module HTML5TargetPlatform (111)
[2021.01.27-01.42.00:152][175]LogModuleManager: Shutting down and abandoning module AndroidTargetPlatform (109)
[2021.01.27-01.42.00:157][175]LogModuleManager: Shutting down and abandoning module WindowsTargetPlatform (107)
[2021.01.27-01.42.00:157][175]LogModuleManager: Shutting down and abandoning module WindowsServerTargetPlatform (105)
[2021.01.27-01.42.00:157][175]LogModuleManager: Shutting down and abandoning module WindowsNoEditorTargetPlatform (103)
[2021.01.27-01.42.00:157][175]LogModuleManager: Shutting down and abandoning module WindowsClientTargetPlatform (101)
[2021.01.27-01.42.00:157][175]LogModuleManager: Shutting down and abandoning module MacTargetPlatform (99)
[2021.01.27-01.42.00:157][175]LogModuleManager: Shutting down and abandoning module MacServerTargetPlatform (97)
[2021.01.27-01.42.00:157][175]LogModuleManager: Shutting down and abandoning module MacNoEditorTargetPlatform (95)
[2021.01.27-01.42.00:157][175]LogModuleManager: Shutting down and abandoning module MacClientTargetPlatform (93)
[2021.01.27-01.42.00:157][175]LogModuleManager: Shutting down and abandoning module AllDesktopTargetPlatform (91)
[2021.01.27-01.42.00:157][175]LogModuleManager: Shutting down and abandoning module InputCore (88)
[2021.01.27-01.42.00:157][175]LogModuleManager: Shutting down and abandoning module Settings (86)
[2021.01.27-01.42.00:157][175]LogModuleManager: Shutting down and abandoning module PhysXCooking (84)
[2021.01.27-01.42.00:157][175]LogModuleManager: Shutting down and abandoning module SteamVR (82)
[2021.01.27-01.42.00:157][175]LogModuleManager: Shutting down and abandoning module OculusHMD (80)
[2021.01.27-01.42.00:157][175]LogModuleManager: Shutting down and abandoning module ExampleDeviceProfileSelector (78)
[2021.01.27-01.42.00:157][175]LogModuleManager: Shutting down and abandoning module LauncherChunkInstaller (76)
[2021.01.27-01.42.00:157][175]LogModuleManager: Shutting down and abandoning module OnlineBlueprintSupport (74)
[2021.01.27-01.42.00:157][175]LogModuleManager: Shutting down and abandoning module OnlineSubsystem (70)
[2021.01.27-01.42.00:158][175]LogModuleManager: Shutting down and abandoning module XMPP (65)
[2021.01.27-01.42.00:158][175]LogModuleManager: Shutting down and abandoning module WebSockets (64)
[2021.01.27-01.42.00:193][175]LogModuleManager: Shutting down and abandoning module HTTP (61)
[2021.01.27-01.42.00:193][175]LogHttp: Display: Http module shutting down, but needs to wait on 1 outstanding Http requests:
[2021.01.27-01.42.00:194][175]LogHttp: Display: 	verb=[POST] url=[https://datarouter.ol.epicgames.com/datarouter/api/v1/public/data?SessionID=%7BCB477C8D-40AD-F760-0887-A7B934F8D6EB%7D&AppID=UEEditor.Rocket.Release&AppVersion=4.20.3-4369336%2B%2B%2BUE4%2BRelease-4.20&UserID=4d3429b74e06ff3b294d33a844ddce0d%7C8bc0951622a54ff0ba2d218f2adde665%7C85352b36-91b4-4192-b0ea-21dfe0bdee68&AppEnvironment=datacollector-binary&UploadType=eteventstream] status=Processing
[2021.01.27-01.42.00:197][175]LogModuleManager: Shutting down and abandoning module SSL (60)
[2021.01.27-01.42.00:198][175]LogModuleManager: Shutting down and abandoning module MagicLeapEmulator (56)
[2021.01.27-01.42.00:198][175]LogModuleManager: Shutting down and abandoning module MagicLeapPrivileges (54)
[2021.01.27-01.42.00:198][175]LogModuleManager: Shutting down and abandoning module MagicLeapIdentity (52)
[2021.01.27-01.42.00:198][175]LogModuleManager: Shutting down and abandoning module MagicLeapHelperVulkan (50)
[2021.01.27-01.42.00:198][175]LogModuleManager: Shutting down and abandoning module MagicLeapHelperOpenGL (48)
[2021.01.27-01.42.00:198][175]LogModuleManager: Shutting down and abandoning module MagicLeapSecureStorage (46)
[2021.01.27-01.42.00:198][175]LogModuleManager: Shutting down and abandoning module MagicLeapGestures (44)
[2021.01.27-01.42.00:198][175]LogModuleManager: Shutting down and abandoning module MagicLeapEyeTracker (42)
[2021.01.27-01.42.00:198][175]LogModuleManager: Shutting down and abandoning module MagicLeapController (40)
[2021.01.27-01.42.00:198][175]LogSlate: Slate User Destroyed.  User Index 0, Is Virtual User: 0
[2021.01.27-01.42.00:198][175]LogModuleManager: Shutting down and abandoning module MagicLeap (38)
[2021.01.27-01.42.00:198][175]LogModuleManager: Shutting down and abandoning module AnimationModifiers (36)
[2021.01.27-01.42.00:198][175]LogModuleManager: Shutting down and abandoning module PropertyEditor (35)
[2021.01.27-01.42.00:198][175]LogModuleManager: Shutting down and abandoning module AudioEditor (32)
[2021.01.27-01.42.00:198][175]LogModuleManager: Shutting down and abandoning module TextureCompressor (30)
[2021.01.27-01.42.00:198][175]LogModuleManager: Shutting down and abandoning module ShaderCore (28)
[2021.01.27-01.42.00:198][175]LogModuleManager: Shutting down and abandoning module Landscape (26)
[2021.01.27-01.42.00:198][175]LogModuleManager: Shutting down and abandoning module SlateRHIRenderer (24)
[2021.01.27-01.42.00:199][175]LogModuleManager: Shutting down and abandoning module OpenGLDrv (22)
[2021.01.27-01.42.00:199][175]LogModuleManager: Shutting down and abandoning module D3D11RHI (20)
[2021.01.27-01.42.00:199][175]LogModuleManager: Shutting down and abandoning module AnimGraphRuntime (18)
[2021.01.27-01.42.00:199][175]LogModuleManager: Shutting down and abandoning module Renderer (16)
[2021.01.27-01.42.00:199][175]LogModuleManager: Shutting down and abandoning module Engine (14)
[2021.01.27-01.42.00:199][175]LogModuleManager: Shutting down and abandoning module CoreUObject (12)
[2021.01.27-01.42.00:199][175]LogModuleManager: Shutting down and abandoning module NetworkFile (10)
[2021.01.27-01.42.00:199][175]LogModuleManager: Shutting down and abandoning module CookedIterativeFile (8)
[2021.01.27-01.42.00:199][175]LogModuleManager: Shutting down and abandoning module StreamingFile (6)
[2021.01.27-01.42.00:199][175]LogModuleManager: Shutting down and abandoning module SandboxFile (4)
[2021.01.27-01.42.00:199][175]LogModuleManager: Shutting down and abandoning module PakFile (2)
[2021.01.27-01.42.00:205][175]LogExit: Exiting.
[2021.01.27-01.42.00:217][175]Log file closed, 01/27/21 01:42:00
